TN:
SF:src\App.jsx
FN:18,(anonymous_0)
FN:19,(anonymous_1)
FN:20,(anonymous_2)
FN:21,(anonymous_3)
FN:22,(anonymous_4)
FN:23,(anonymous_5)
FN:24,(anonymous_6)
FN:25,(anonymous_7)
FN:26,(anonymous_8)
FN:27,(anonymous_9)
FN:28,(anonymous_10)
FN:29,(anonymous_11)
FN:30,(anonymous_12)
FN:31,(anonymous_13)
FN:32,(anonymous_14)
FN:33,(anonymous_15)
FN:39,(anonymous_16)
FN:52,(anonymous_17)
FN:60,App
FNF:19
FNH:0
FNDA:0,(anonymous_0)
FNDA:0,(anonymous_1)
FNDA:0,(anonymous_2)
FNDA:0,(anonymous_3)
FNDA:0,(anonymous_4)
FNDA:0,(anonymous_5)
FNDA:0,(anonymous_6)
FNDA:0,(anonymous_7)
FNDA:0,(anonymous_8)
FNDA:0,(anonymous_9)
FNDA:0,(anonymous_10)
FNDA:0,(anonymous_11)
FNDA:0,(anonymous_12)
FNDA:0,(anonymous_13)
FNDA:0,(anonymous_14)
FNDA:0,(anonymous_15)
FNDA:0,(anonymous_16)
FNDA:0,(anonymous_17)
FNDA:0,App
DA:18,0
DA:19,0
DA:20,0
DA:21,0
DA:22,0
DA:23,0
DA:24,0
DA:25,0
DA:26,0
DA:27,0
DA:28,0
DA:29,0
DA:30,0
DA:31,0
DA:32,0
DA:33,0
DA:39,0
DA:40,0
DA:52,0
DA:53,0
DA:61,0
LF:21
LH:0
BRF:0
BRH:0
end_of_record
TN:
SF:src\index.js
FNF:0
FNH:0
DA:7,0
DA:8,0
LF:2
LH:0
BRF:0
BRH:0
end_of_record
TN:
SF:src\components\EditParticipanteModal.jsx
FN:3,(anonymous_0)
FN:23,(anonymous_1)
FN:37,(anonymous_2)
FN:39,(anonymous_3)
FN:45,(anonymous_4)
FN:55,(anonymous_5)
FN:57,(anonymous_6)
FN:64,(anonymous_7)
FN:76,(anonymous_8)
FN:103,(anonymous_9)
FN:170,(anonymous_10)
FNF:11
FNH:0
FNDA:0,(anonymous_0)
FNDA:0,(anonymous_1)
FNDA:0,(anonymous_2)
FNDA:0,(anonymous_3)
FNDA:0,(anonymous_4)
FNDA:0,(anonymous_5)
FNDA:0,(anonymous_6)
FNDA:0,(anonymous_7)
FNDA:0,(anonymous_8)
FNDA:0,(anonymous_9)
FNDA:0,(anonymous_10)
DA:3,0
DA:10,0
DA:19,0
DA:20,0
DA:21,0
DA:23,0
DA:24,0
DA:25,0
DA:37,0
DA:38,0
DA:39,0
DA:45,0
DA:46,0
DA:47,0
DA:48,0
DA:51,0
DA:52,0
DA:54,0
DA:56,0
DA:57,0
DA:62,0
DA:65,0
DA:66,0
DA:76,0
DA:77,0
DA:78,0
DA:79,0
DA:90,0
DA:91,0
DA:93,0
DA:95,0
DA:99,0
DA:101,0
DA:103,0
DA:171,0
LF:35
LH:0
BRDA:24,0,0,0
BRDA:24,0,1,0
BRDA:24,1,0,0
BRDA:24,1,1,0
BRDA:26,2,0,0
BRDA:26,2,1,0
BRDA:27,3,0,0
BRDA:27,3,1,0
BRDA:28,4,0,0
BRDA:28,4,1,0
BRDA:29,5,0,0
BRDA:29,5,1,0
BRDA:30,6,0,0
BRDA:30,6,1,0
BRDA:30,6,2,0
BRDA:31,7,0,0
BRDA:31,7,1,0
BRDA:32,8,0,0
BRDA:32,8,1,0
BRDA:46,9,0,0
BRDA:46,9,1,0
BRDA:87,10,0,0
BRDA:87,10,1,0
BRDA:99,11,0,0
BRDA:99,11,1,0
BRDA:209,12,0,0
BRDA:209,12,1,0
BRDA:220,13,0,0
BRDA:220,13,1,0
BRDA:240,14,0,0
BRDA:240,14,1,0
BRDA:240,14,2,0
BRDA:242,15,0,0
BRDA:242,15,1,0
BRF:34
BRH:0
end_of_record
TN:
SF:src\components\LazyComponents.jsx
FN:11,(anonymous_0)
FN:16,(anonymous_1)
FN:21,(anonymous_2)
FN:27,(anonymous_3)
FN:33,(anonymous_4)
FN:38,(anonymous_5)
FN:44,(anonymous_6)
FN:50,(anonymous_7)
FN:56,(anonymous_8)
FNF:9
FNH:0
FNDA:0,(anonymous_0)
FNDA:0,(anonymous_1)
FNDA:0,(anonymous_2)
FNDA:0,(anonymous_3)
FNDA:0,(anonymous_4)
FNDA:0,(anonymous_5)
FNDA:0,(anonymous_6)
FNDA:0,(anonymous_7)
FNDA:0,(anonymous_8)
DA:10,0
DA:11,0
DA:15,0
DA:16,0
DA:20,0
DA:21,0
DA:26,0
DA:27,0
DA:32,0
DA:33,0
DA:37,0
DA:38,0
DA:43,0
DA:44,0
DA:49,0
DA:50,0
DA:55,0
DA:56,0
LF:18
LH:0
BRF:0
BRH:0
end_of_record
TN:
SF:src\components\LoadingComponents.jsx
FN:4,(anonymous_0)
FN:20,(anonymous_1)
FN:37,(anonymous_2)
FN:86,(anonymous_3)
FN:90,(anonymous_4)
FN:98,(anonymous_5)
FN:114,(anonymous_6)
FN:117,(anonymous_7)
FN:120,(anonymous_8)
FN:135,(anonymous_9)
FN:145,(anonymous_10)
FN:153,(anonymous_11)
FN:155,(anonymous_12)
FN:169,(anonymous_13)
FN:172,(anonymous_14)
FN:173,(anonymous_15)
FNF:16
FNH:6
FNDA:4,(anonymous_0)
FNDA:12,(anonymous_1)
FNDA:4,(anonymous_2)
FNDA:2,(anonymous_3)
FNDA:1,(anonymous_4)
FNDA:0,(anonymous_5)
FNDA:0,(anonymous_6)
FNDA:0,(anonymous_7)
FNDA:0,(anonymous_8)
FNDA:0,(anonymous_9)
FNDA:0,(anonymous_10)
FNDA:0,(anonymous_11)
FNDA:0,(anonymous_12)
FNDA:1,(anonymous_13)
FNDA:0,(anonymous_14)
FNDA:0,(anonymous_15)
DA:4,1
DA:5,4
DA:6,4
DA:14,4
DA:21,12
DA:37,4
DA:38,4
DA:39,1
DA:40,1
DA:41,1
DA:47,1
DA:51,4
DA:52,1
DA:83,3
DA:86,1
DA:87,2
DA:90,1
DA:91,1
DA:98,1
DA:99,0
DA:114,1
DA:115,0
DA:117,0
DA:121,0
DA:135,1
DA:136,0
DA:146,0
DA:154,0
DA:156,0
DA:169,1
DA:170,1
DA:172,1
DA:173,1
DA:175,1
LF:34
LH:26
BRDA:4,0,0,3
BRDA:4,1,0,3
BRDA:4,2,0,3
BRDA:27,3,0,4
BRDA:27,3,1,8
BRDA:27,4,0,4
BRDA:27,4,1,4
BRDA:28,5,0,4
BRDA:28,5,1,8
BRDA:28,6,0,4
BRDA:28,6,1,4
BRDA:29,7,0,4
BRDA:29,7,1,8
BRDA:29,8,0,4
BRDA:29,8,1,4
BRDA:30,9,0,4
BRDA:30,9,1,8
BRDA:30,10,0,4
BRDA:30,10,1,4
BRDA:31,11,0,4
BRDA:31,11,1,8
BRDA:31,12,0,4
BRDA:31,12,1,4
BRDA:38,13,0,1
BRDA:38,13,1,3
BRDA:51,14,0,1
BRDA:51,14,1,3
BRDA:86,15,0,1
BRDA:86,16,0,1
BRDA:90,17,0,1
BRDA:135,18,0,0
BRF:31
BRH:30
end_of_record
TN:
SF:src\components\ProtectedRoute.jsx
FN:6,(anonymous_0)
FN:62,(anonymous_1)
FN:72,(anonymous_2)
FNF:3
FNH:0
FNDA:0,(anonymous_0)
FNDA:0,(anonymous_1)
FNDA:0,(anonymous_2)
DA:6,0
DA:14,0
DA:17,0
DA:18,0
DA:29,0
DA:30,0
DA:34,0
DA:35,0
DA:36,0
DA:38,0
DA:42,0
DA:43,0
DA:44,0
DA:46,0
DA:50,0
DA:51,0
DA:52,0
DA:54,0
DA:58,0
DA:62,0
DA:63,0
DA:72,0
LF:22
LH:0
BRDA:8,0,0,0
BRDA:9,1,0,0
BRDA:10,2,0,0
BRDA:11,3,0,0
BRDA:12,4,0,0
BRDA:17,5,0,0
BRDA:17,5,1,0
BRDA:29,6,0,0
BRDA:29,6,1,0
BRDA:29,7,0,0
BRDA:29,7,1,0
BRDA:34,8,0,0
BRDA:34,8,1,0
BRDA:34,9,0,0
BRDA:34,9,1,0
BRDA:35,10,0,0
BRDA:35,10,1,0
BRDA:42,11,0,0
BRDA:42,11,1,0
BRDA:42,12,0,0
BRDA:42,12,1,0
BRDA:43,13,0,0
BRDA:43,13,1,0
BRDA:50,14,0,0
BRDA:50,14,1,0
BRDA:50,15,0,0
BRDA:50,15,1,0
BRDA:50,15,2,0
BRDA:51,16,0,0
BRDA:51,16,1,0
BRF:30
BRH:0
end_of_record
TN:
SF:src\components\CapturaForm\CapturaForm.jsx
FN:10,(anonymous_0)
FN:50,(anonymous_1)
FN:89,(anonymous_2)
FN:121,(anonymous_3)
FN:146,(anonymous_4)
FN:151,(anonymous_5)
FN:169,(anonymous_6)
FN:196,(anonymous_7)
FN:197,(anonymous_8)
FN:201,(anonymous_9)
FN:206,(anonymous_10)
FN:210,(anonymous_11)
FN:234,(anonymous_12)
FN:249,(anonymous_13)
FN:259,(anonymous_14)
FN:266,(anonymous_15)
FN:269,(anonymous_16)
FN:283,(anonymous_17)
FN:358,(anonymous_18)
FN:448,(anonymous_19)
FNF:20
FNH:0
FNDA:0,(anonymous_0)
FNDA:0,(anonymous_1)
FNDA:0,(anonymous_2)
FNDA:0,(anonymous_3)
FNDA:0,(anonymous_4)
FNDA:0,(anonymous_5)
FNDA:0,(anonymous_6)
FNDA:0,(anonymous_7)
FNDA:0,(anonymous_8)
FNDA:0,(anonymous_9)
FNDA:0,(anonymous_10)
FNDA:0,(anonymous_11)
FNDA:0,(anonymous_12)
FNDA:0,(anonymous_13)
FNDA:0,(anonymous_14)
FNDA:0,(anonymous_15)
FNDA:0,(anonymous_16)
FNDA:0,(anonymous_17)
FNDA:0,(anonymous_18)
FNDA:0,(anonymous_19)
DA:10,0
DA:11,0
DA:14,0
DA:21,0
DA:27,0
DA:28,0
DA:30,0
DA:41,0
DA:42,0
DA:44,0
DA:45,0
DA:50,0
DA:51,0
DA:52,0
DA:53,0
DA:55,0
DA:61,0
DA:62,0
DA:64,0
DA:65,0
DA:67,0
DA:71,0
DA:73,0
DA:75,0
DA:78,0
DA:79,0
DA:80,0
DA:81,0
DA:85,0
DA:89,0
DA:90,0
DA:93,0
DA:94,0
DA:97,0
DA:100,0
DA:101,0
DA:104,0
DA:105,0
DA:106,0
DA:112,0
DA:113,0
DA:121,0
DA:122,0
DA:123,0
DA:124,0
DA:125,0
DA:128,0
DA:129,0
DA:137,0
DA:138,0
DA:141,0
DA:142,0
DA:143,0
DA:146,0
DA:147,0
DA:148,0
DA:149,0
DA:151,0
DA:153,0
DA:155,0
DA:156,0
DA:159,0
DA:161,0
DA:163,0
DA:164,0
DA:169,0
DA:170,0
DA:171,0
DA:173,0
DA:174,0
DA:175,0
DA:178,0
DA:179,0
DA:180,0
DA:191,0
DA:196,0
DA:197,0
DA:198,0
DA:199,0
DA:200,0
DA:202,0
DA:203,0
DA:204,0
DA:207,0
DA:209,0
DA:210,0
DA:211,0
DA:212,0
DA:222,0
DA:223,0
DA:228,0
DA:234,0
DA:235,0
DA:237,0
DA:238,0
DA:239,0
DA:240,0
DA:241,0
DA:242,0
DA:245,0
DA:249,0
DA:250,0
DA:252,0
DA:255,0
DA:256,0
DA:259,0
DA:266,0
DA:267,0
DA:268,0
DA:269,0
DA:270,0
DA:271,0
DA:278,0
DA:283,0
DA:284,0
DA:286,0
DA:287,0
DA:288,0
DA:291,0
DA:292,0
DA:293,0
DA:296,0
DA:297,0
DA:300,0
DA:302,0
DA:314,0
DA:315,0
DA:316,0
DA:324,0
DA:325,0
DA:331,0
DA:332,0
DA:333,0
DA:334,0
DA:337,0
DA:338,0
DA:341,0
DA:344,0
DA:347,0
DA:348,0
DA:349,0
DA:350,0
DA:352,0
DA:356,0
DA:358,0
DA:359,0
DA:360,0
DA:361,0
DA:363,0
DA:364,0
DA:367,0
DA:368,0
DA:374,0
DA:375,0
DA:386,0
DA:449,0
LF:156
LH:0
BRDA:56,0,0,0
BRDA:56,0,1,0
BRDA:57,1,0,0
BRDA:57,1,1,0
BRDA:62,2,0,0
BRDA:62,2,1,0
BRDA:62,3,0,0
BRDA:62,3,1,0
BRDA:64,4,0,0
BRDA:64,4,1,0
BRDA:71,5,0,0
BRDA:71,5,1,0
BRDA:93,6,0,0
BRDA:93,6,1,0
BRDA:100,7,0,0
BRDA:100,7,1,0
BRDA:105,8,0,0
BRDA:105,8,1,0
BRDA:137,9,0,0
BRDA:137,9,1,0
BRDA:147,10,0,0
BRDA:147,10,1,0
BRDA:155,11,0,0
BRDA:155,11,1,0
BRDA:173,12,0,0
BRDA:173,12,1,0
BRDA:181,13,0,0
BRDA:181,13,1,0
BRDA:182,14,0,0
BRDA:182,14,1,0
BRDA:183,15,0,0
BRDA:183,15,1,0
BRDA:184,16,0,0
BRDA:184,16,1,0
BRDA:185,17,0,0
BRDA:185,17,1,0
BRDA:186,18,0,0
BRDA:186,18,1,0
BRDA:187,19,0,0
BRDA:187,19,1,0
BRDA:188,20,0,0
BRDA:188,20,1,0
BRDA:198,21,0,0
BRDA:198,21,1,0
BRDA:198,22,0,0
BRDA:198,22,1,0
BRDA:209,23,0,0
BRDA:209,23,1,0
BRDA:209,24,0,0
BRDA:209,24,1,0
BRDA:222,25,0,0
BRDA:222,25,1,0
BRDA:237,26,0,0
BRDA:237,26,1,0
BRDA:239,27,0,0
BRDA:239,27,1,0
BRDA:241,28,0,0
BRDA:241,28,1,0
BRDA:255,29,0,0
BRDA:255,29,1,0
BRDA:268,30,0,0
BRDA:268,30,1,0
BRDA:270,31,0,0
BRDA:270,31,1,0
BRDA:286,32,0,0
BRDA:286,32,1,0
BRDA:286,33,0,0
BRDA:286,33,1,0
BRDA:286,33,2,0
BRDA:291,34,0,0
BRDA:291,34,1,0
BRDA:308,35,0,0
BRDA:308,35,1,0
BRDA:309,36,0,0
BRDA:309,36,1,0
BRDA:320,37,0,0
BRDA:320,37,1,0
BRDA:320,37,2,0
BRDA:331,38,0,0
BRDA:331,38,1,0
BRDA:337,39,0,0
BRDA:337,39,1,0
BRDA:337,40,0,0
BRDA:337,40,1,0
BRDA:341,41,0,0
BRDA:341,41,1,0
BRDA:347,42,0,0
BRDA:347,42,1,0
BRDA:347,43,0,0
BRDA:347,43,1,0
BRDA:360,44,0,0
BRDA:360,44,1,0
BRDA:361,45,0,0
BRDA:361,45,1,0
BRDA:364,46,0,0
BRDA:364,46,1,0
BRDA:368,47,0,0
BRDA:368,47,1,0
BRDA:374,48,0,0
BRDA:374,48,1,0
BRDA:391,49,0,0
BRDA:391,49,1,0
BRDA:399,50,0,0
BRDA:399,50,1,0
BRDA:417,51,0,0
BRDA:417,51,1,0
BRDA:424,52,0,0
BRDA:424,52,1,0
BRDA:443,53,0,0
BRDA:443,53,1,0
BRDA:450,54,0,0
BRDA:450,54,1,0
BRDA:509,55,0,0
BRDA:509,55,1,0
BRDA:512,56,0,0
BRDA:512,56,1,0
BRF:116
BRH:0
end_of_record
TN:
SF:src\components\Dashboard\ModernChart.jsx
FN:22,(anonymous_0)
FN:43,(anonymous_1)
FN:59,(anonymous_2)
FN:111,(anonymous_3)
FN:112,(anonymous_4)
FN:159,(anonymous_5)
FN:171,(anonymous_6)
FN:219,(anonymous_7)
FN:223,(anonymous_8)
FN:224,(anonymous_9)
FN:225,(anonymous_10)
FN:228,(anonymous_11)
FN:235,(anonymous_12)
FN:328,(anonymous_13)
FN:331,(anonymous_14)
FNF:15
FNH:0
FNDA:0,(anonymous_0)
FNDA:0,(anonymous_1)
FNDA:0,(anonymous_2)
FNDA:0,(anonymous_3)
FNDA:0,(anonymous_4)
FNDA:0,(anonymous_5)
FNDA:0,(anonymous_6)
FNDA:0,(anonymous_7)
FNDA:0,(anonymous_8)
FNDA:0,(anonymous_9)
FNDA:0,(anonymous_10)
FNDA:0,(anonymous_11)
FNDA:0,(anonymous_12)
FNDA:0,(anonymous_13)
FNDA:0,(anonymous_14)
DA:19,0
DA:22,0
DA:23,0
DA:24,0
DA:44,0
DA:55,0
DA:59,0
DA:60,0
DA:111,0
DA:112,0
DA:113,0
DA:115,0
DA:116,0
DA:117,0
DA:118,0
DA:120,0
DA:135,0
DA:160,0
DA:171,0
DA:172,0
DA:219,0
DA:220,0
DA:221,0
DA:223,0
DA:224,0
DA:225,0
DA:228,0
DA:229,0
DA:231,0
DA:232,0
DA:233,0
DA:235,0
DA:236,0
DA:237,0
DA:238,0
DA:239,0
DA:241,0
DA:243,0
DA:244,0
DA:248,0
DA:251,0
DA:258,0
DA:328,0
DA:329,0
DA:332,0
LF:45
LH:0
BRDA:23,0,0,0
BRDA:23,0,1,0
BRDA:23,1,0,0
BRDA:23,1,1,0
BRDA:23,1,2,0
BRDA:59,2,0,0
BRDA:62,3,0,0
BRDA:62,3,1,0
BRDA:111,4,0,0
BRDA:113,5,0,0
BRDA:113,5,1,0
BRDA:125,6,0,0
BRDA:125,6,1,0
BRDA:137,7,0,0
BRDA:137,7,1,0
BRDA:171,8,0,0
BRDA:174,9,0,0
BRDA:174,9,1,0
BRDA:219,10,0,0
BRDA:219,11,0,0
BRDA:229,12,0,0
BRDA:229,12,1,0
BRDA:233,13,0,0
BRDA:233,13,1,0
BRDA:243,14,0,0
BRDA:243,14,1,0
BRDA:290,15,0,0
BRDA:290,15,1,0
BRDA:296,16,0,0
BRDA:296,16,1,0
BRDA:297,17,0,0
BRDA:297,17,1,0
BRDA:299,18,0,0
BRDA:299,18,1,0
BRF:34
BRH:0
end_of_record
TN:
SF:src\components\Dashboard\OrigemCadastrosChart.jsx
FN:16,(anonymous_0)
FN:29,(anonymous_1)
FN:36,(anonymous_2)
FN:38,(anonymous_3)
FNF:4
FNH:0
FNDA:0,(anonymous_0)
FNDA:0,(anonymous_1)
FNDA:0,(anonymous_2)
FNDA:0,(anonymous_3)
DA:10,0
DA:16,0
DA:18,0
DA:28,0
DA:30,0
DA:31,0
DA:36,0
DA:38,0
DA:44,0
DA:56,0
LF:10
LH:0
BRDA:30,0,0,0
BRDA:30,0,1,0
BRF:2
BRH:0
end_of_record
TN:
SF:src\components\Dashboard\ParticipacoesPorHoraChart.jsx
FN:22,(anonymous_0)
FN:25,(anonymous_1)
FN:29,(anonymous_2)
FNF:3
FNH:0
FNDA:0,(anonymous_0)
FNDA:0,(anonymous_1)
FNDA:0,(anonymous_2)
DA:13,0
DA:22,0
DA:24,0
DA:25,0
DA:29,0
DA:37,0
DA:57,0
LF:7
LH:0
BRF:0
BRH:0
end_of_record
TN:
SF:src\components\DashboardLayout\ConfirmModal.jsx
FN:4,(anonymous_0)
FN:7,(anonymous_1)
FN:14,(anonymous_2)
FNF:3
FNH:0
FNDA:0,(anonymous_0)
FNDA:0,(anonymous_1)
FNDA:0,(anonymous_2)
DA:4,0
DA:5,0
DA:7,0
DA:8,0
DA:9,0
DA:12,0
DA:14,0
LF:7
LH:0
BRDA:4,0,0,0
BRDA:4,1,0,0
BRDA:5,2,0,0
BRDA:5,2,1,0
BRF:4
BRH:0
end_of_record
TN:
SF:src\components\DashboardLayout\DashboardLayout.jsx
FN:7,(anonymous_0)
FNF:1
FNH:0
FNDA:0,(anonymous_0)
DA:7,0
DA:8,0
LF:2
LH:0
BRF:0
BRH:0
end_of_record
TN:
SF:src\components\DashboardLayout\Header.jsx
FN:7,(anonymous_0)
FN:14,(anonymous_1)
FNF:2
FNH:1
FNDA:92,(anonymous_0)
FNDA:0,(anonymous_1)
DA:7,1
DA:8,92
DA:10,0
DA:11,0
DA:12,0
DA:14,0
DA:16,0
DA:17,0
DA:20,0
DA:23,0
LF:10
LH:2
BRDA:11,0,0,0
BRDA:11,0,1,0
BRDA:11,0,2,0
BRDA:12,1,0,0
BRDA:12,1,1,0
BRDA:33,2,0,0
BRDA:33,2,1,0
BRDA:41,3,0,0
BRDA:41,3,1,0
BRF:9
BRH:0
end_of_record
TN:
SF:src\components\DashboardLayout\Sidebar.jsx
FN:8,(anonymous_0)
FN:98,(anonymous_1)
FN:101,(anonymous_2)
FN:115,(anonymous_3)
FN:120,(anonymous_4)
FNF:5
FNH:1
FNDA:117,(anonymous_0)
FNDA:0,(anonymous_1)
FNDA:0,(anonymous_2)
FNDA:0,(anonymous_3)
FNDA:0,(anonymous_4)
DA:8,1
DA:9,117
DA:10,0
DA:11,0
DA:13,0
DA:99,0
DA:101,0
DA:116,0
DA:117,0
DA:121,0
DA:122,0
LF:11
LH:2
BRDA:15,0,0,0
BRDA:15,0,1,0
BRDA:33,1,0,0
BRDA:33,1,1,0
BRDA:55,2,0,0
BRDA:55,2,1,0
BRDA:62,3,0,0
BRDA:62,3,1,0
BRDA:69,4,0,0
BRDA:69,4,1,0
BRDA:106,5,0,0
BRDA:106,5,1,0
BRDA:110,6,0,0
BRDA:110,6,1,0
BRDA:111,7,0,0
BRDA:111,7,1,0
BRDA:116,8,0,0
BRDA:116,8,1,0
BRDA:121,9,0,0
BRDA:121,9,1,0
BRDA:126,10,0,0
BRDA:126,10,1,0
BRDA:153,11,0,0
BRDA:153,11,1,0
BRF:24
BRH:0
end_of_record
TN:
SF:src\components\DashboardLayout\index.js
FNF:0
FNH:0
LF:0
LH:0
BRF:0
BRH:0
end_of_record
TN:
SF:src\components\LoginForm\LoginForm.jsx
FN:8,(anonymous_0)
FN:17,(anonymous_1)
FN:53,(anonymous_2)
FN:64,(anonymous_3)
FNF:4
FNH:1
FNDA:30,(anonymous_0)
FNDA:0,(anonymous_1)
FNDA:0,(anonymous_2)
FNDA:0,(anonymous_3)
DA:8,1
DA:9,30
DA:10,30
DA:11,30
DA:12,30
DA:14,30
DA:15,30
DA:17,30
DA:18,0
DA:19,0
DA:20,0
DA:22,0
DA:23,0
DA:26,0
DA:29,0
DA:32,0
DA:33,0
DA:37,30
DA:53,0
DA:64,0
LF:20
LH:9
BRDA:69,0,0,30
BRDA:69,0,1,0
BRDA:73,1,0,0
BRDA:73,1,1,30
BRF:4
BRH:2
end_of_record
TN:
SF:src\components\Maps\InteractiveMap.jsx
FN:22,(anonymous_0)
FN:26,(anonymous_1)
FN:37,(anonymous_2)
FN:55,(anonymous_3)
FN:66,(anonymous_4)
FN:69,(anonymous_5)
FN:73,(anonymous_6)
FN:79,(anonymous_7)
FN:89,(anonymous_8)
FN:100,(anonymous_9)
FN:107,(anonymous_10)
FN:115,(anonymous_11)
FN:124,(anonymous_12)
FN:211,(anonymous_13)
FN:218,(anonymous_14)
FN:222,(anonymous_15)
FN:225,(anonymous_16)
FN:240,(anonymous_17)
FN:246,(anonymous_18)
FN:252,(anonymous_19)
FN:255,(anonymous_20)
FN:258,(anonymous_21)
FN:259,(anonymous_22)
FN:268,(anonymous_23)
FN:320,(anonymous_24)
FN:334,(anonymous_25)
FN:358,(anonymous_26)
FN:372,(anonymous_27)
FN:383,(anonymous_28)
FN:426,(anonymous_29)
FN:430,(anonymous_30)
FN:436,(anonymous_31)
FN:438,(anonymous_32)
FN:448,(anonymous_33)
FN:478,(anonymous_34)
FN:546,(anonymous_35)
FN:557,(anonymous_36)
FN:570,(anonymous_37)
FNF:38
FNH:15
FNDA:0,(anonymous_0)
FNDA:0,(anonymous_1)
FNDA:0,(anonymous_2)
FNDA:0,(anonymous_3)
FNDA:8,(anonymous_4)
FNDA:8,(anonymous_5)
FNDA:0,(anonymous_6)
FNDA:0,(anonymous_7)
FNDA:0,(anonymous_8)
FNDA:34,(anonymous_9)
FNDA:34,(anonymous_10)
FNDA:8,(anonymous_11)
FNDA:8,(anonymous_12)
FNDA:0,(anonymous_13)
FNDA:34,(anonymous_14)
FNDA:8,(anonymous_15)
FNDA:34,(anonymous_16)
FNDA:0,(anonymous_17)
FNDA:0,(anonymous_18)
FNDA:8,(anonymous_19)
FNDA:34,(anonymous_20)
FNDA:34,(anonymous_21)
FNDA:34,(anonymous_22)
FNDA:34,(anonymous_23)
FNDA:0,(anonymous_24)
FNDA:0,(anonymous_25)
FNDA:0,(anonymous_26)
FNDA:0,(anonymous_27)
FNDA:0,(anonymous_28)
FNDA:0,(anonymous_29)
FNDA:0,(anonymous_30)
FNDA:0,(anonymous_31)
FNDA:0,(anonymous_32)
FNDA:0,(anonymous_33)
FNDA:34,(anonymous_34)
FNDA:0,(anonymous_35)
FNDA:0,(anonymous_36)
FNDA:0,(anonymous_37)
DA:14,1
DA:15,1
DA:22,1
DA:23,0
DA:24,0
DA:26,0
DA:27,0
DA:30,0
DA:31,0
DA:35,0
DA:37,0
DA:38,0
DA:39,0
DA:47,0
DA:52,0
DA:53,0
DA:55,0
DA:56,0
DA:57,0
DA:62,0
DA:66,1
DA:67,8
DA:69,8
DA:71,8
DA:73,8
DA:74,0
DA:75,0
DA:76,0
DA:79,0
DA:80,0
DA:81,0
DA:82,0
DA:83,0
DA:88,0
DA:89,0
DA:90,0
DA:91,0
DA:95,0
DA:99,8
DA:100,34
DA:102,8
DA:104,0
DA:105,8
DA:107,34
DA:108,8
DA:109,0
DA:111,0
DA:115,8
DA:116,8
DA:120,8
DA:124,1
DA:139,8
DA:198,8
DA:205,8
DA:208,8
DA:210,8
DA:211,0
DA:212,0
DA:217,8
DA:218,34
DA:222,8
DA:223,8
DA:225,34
DA:227,8
DA:228,6
DA:229,2
DA:230,2
DA:232,0
DA:237,8
DA:239,8
DA:240,0
DA:241,0
DA:245,8
DA:246,0
DA:247,0
DA:252,8
DA:253,8
DA:255,34
DA:256,8
DA:258,34
DA:259,34
DA:261,8
DA:264,8
DA:265,8
DA:266,8
DA:268,34
DA:274,8
DA:320,0
DA:335,0
DA:358,0
DA:373,0
DA:384,0
DA:385,0
DA:427,0
DA:430,0
DA:431,0
DA:432,0
DA:436,0
DA:437,0
DA:438,0
DA:439,0
DA:440,0
DA:441,0
DA:442,0
DA:448,0
DA:449,0
DA:450,0
DA:451,0
DA:452,0
DA:453,0
DA:479,34
DA:546,0
DA:557,1
DA:558,0
DA:570,1
DA:571,0
LF:116
LH:50
BRDA:27,0,0,0
BRDA:27,0,1,0
BRDA:27,1,0,0
BRDA:27,1,1,0
BRDA:30,2,0,0
BRDA:30,2,1,0
BRDA:38,3,0,0
BRDA:38,3,1,0
BRDA:38,4,0,0
BRDA:38,4,1,0
BRDA:38,4,2,0
BRDA:56,5,0,0
BRDA:56,5,1,0
BRDA:76,6,0,0
BRDA:76,6,1,0
BRDA:81,7,0,0
BRDA:81,7,1,0
BRDA:85,8,0,0
BRDA:85,8,1,0
BRDA:88,9,0,0
BRDA:88,9,1,0
BRDA:97,10,0,0
BRDA:97,10,1,8
BRDA:99,11,0,8
BRDA:99,11,1,0
BRDA:99,12,0,8
BRDA:99,12,1,8
BRDA:100,13,0,34
BRDA:100,13,1,34
BRDA:102,14,0,0
BRDA:102,14,1,8
BRDA:104,15,0,0
BRDA:104,15,1,0
BRDA:105,16,0,8
BRDA:105,16,1,0
BRDA:109,17,0,0
BRDA:109,17,1,0
BRDA:109,18,0,0
BRDA:109,18,1,0
BRDA:125,19,0,1
BRDA:126,20,0,1
BRDA:127,21,0,1
BRDA:128,22,0,1
BRDA:129,23,0,1
BRDA:130,24,0,8
BRDA:131,25,0,8
BRDA:132,26,0,8
BRDA:133,27,0,8
BRDA:134,28,0,8
BRDA:135,29,0,8
BRDA:136,30,0,8
BRDA:205,31,0,0
BRDA:205,31,1,8
BRDA:208,32,0,2
BRDA:208,32,1,6
BRDA:210,33,0,0
BRDA:210,33,1,8
BRDA:218,34,0,34
BRDA:218,34,1,0
BRDA:223,35,0,0
BRDA:223,35,1,8
BRDA:225,36,0,34
BRDA:225,36,1,0
BRDA:227,37,0,6
BRDA:227,37,1,2
BRDA:229,38,0,2
BRDA:229,38,1,0
BRDA:237,39,0,2
BRDA:237,39,1,6
BRDA:239,40,0,0
BRDA:239,40,1,8
BRDA:245,41,0,0
BRDA:245,41,1,8
BRDA:247,42,0,0
BRDA:247,42,1,0
BRDA:253,43,0,0
BRDA:253,43,1,8
BRDA:255,44,0,34
BRDA:255,44,1,34
BRDA:256,45,0,0
BRDA:256,45,1,8
BRDA:265,46,0,8
BRDA:265,46,1,0
BRDA:265,47,0,1
BRDA:265,47,1,7
BRDA:271,48,0,34
BRDA:271,48,1,4
BRDA:297,49,0,8
BRDA:297,49,1,0
BRDA:320,50,0,0
BRDA:320,50,1,0
BRDA:336,51,0,0
BRDA:336,51,1,0
BRDA:358,52,0,0
BRDA:358,52,1,0
BRDA:381,53,0,0
BRDA:381,53,1,0
BRDA:381,53,2,0
BRDA:384,54,0,0
BRDA:384,54,1,0
BRDA:385,55,0,0
BRDA:385,55,1,0
BRDA:440,56,0,0
BRDA:440,56,1,0
BRDA:450,57,0,0
BRDA:450,57,1,0
BRDA:450,58,0,0
BRDA:450,58,1,0
BRDA:475,59,0,8
BRDA:475,59,1,0
BRDA:478,60,0,8
BRDA:478,60,1,8
BRDA:502,61,0,34
BRDA:502,61,1,30
BRDA:557,62,0,0
BRDA:570,63,0,0
BRF:116
BRH:49
end_of_record
TN:
SF:src\components\ThemeSelector\ThemeSelector.jsx
FN:6,(anonymous_0)
FN:10,(anonymous_1)
FN:28,(anonymous_2)
FN:31,(anonymous_3)
FN:45,(anonymous_4)
FN:55,(anonymous_5)
FN:59,(anonymous_6)
FNF:7
FNH:7
FNDA:44,(anonymous_0)
FNDA:2,(anonymous_1)
FNDA:1,(anonymous_2)
FNDA:60,(anonymous_3)
FNDA:11,(anonymous_4)
FNDA:45,(anonymous_5)
FNDA:2,(anonymous_6)
DA:6,1
DA:7,44
DA:8,44
DA:10,44
DA:11,2
DA:12,2
DA:14,2
DA:18,44
DA:19,1
DA:22,43
DA:23,12
DA:28,1
DA:32,60
DA:41,31
DA:45,11
DA:56,45
DA:59,2
LF:17
LH:17
BRDA:6,0,0,31
BRDA:6,1,0,41
BRDA:11,2,0,2
BRDA:11,2,1,0
BRDA:18,3,0,1
BRDA:18,3,1,43
BRDA:18,4,0,44
BRDA:18,4,1,44
BRDA:22,5,0,12
BRDA:22,5,1,31
BRDA:25,6,0,12
BRDA:25,6,1,10
BRDA:28,7,0,1
BRDA:28,7,1,1
BRDA:49,8,0,31
BRDA:49,8,1,1
BRDA:50,9,0,9
BRDA:50,9,1,22
BRDA:53,10,0,31
BRDA:53,10,1,9
BRDA:58,11,0,9
BRDA:58,11,1,36
BRDA:66,12,0,45
BRDA:66,12,1,9
BRF:24
BRH:23
end_of_record
TN:
SF:src\components\Toast\Toast.jsx
FN:4,(anonymous_0)
FN:5,(anonymous_1)
FN:7,(anonymous_2)
FN:10,(anonymous_3)
FN:14,(anonymous_4)
FN:29,(anonymous_5)
FN:44,(anonymous_6)
FNF:7
FNH:7
FNDA:34,(anonymous_0)
FNDA:34,(anonymous_1)
FNDA:22,(anonymous_2)
FNDA:29,(anonymous_3)
FNDA:34,(anonymous_4)
FNDA:34,(anonymous_5)
FNDA:34,(anonymous_6)
DA:4,3
DA:5,34
DA:6,34
DA:7,29
DA:8,22
DA:10,29
DA:14,34
DA:15,34
DA:17,25
DA:19,3
DA:21,3
DA:23,2
DA:25,1
DA:29,34
DA:30,34
DA:32,25
DA:34,3
DA:36,3
DA:38,2
DA:40,1
DA:44,34
DA:45,34
DA:46,31
DA:48,23
DA:50,3
DA:52,2
DA:54,2
DA:56,1
DA:60,34
LF:29
LH:29
BRDA:4,0,0,23
BRDA:4,1,0,31
BRDA:4,2,0,25
BRDA:6,3,0,29
BRDA:6,3,1,5
BRDA:6,4,0,34
BRDA:6,4,1,32
BRDA:15,5,0,25
BRDA:15,5,1,3
BRDA:15,5,2,3
BRDA:15,5,3,2
BRDA:15,5,4,1
BRDA:30,6,0,25
BRDA:30,6,1,3
BRDA:30,6,2,3
BRDA:30,6,3,2
BRDA:30,6,4,1
BRDA:45,7,0,3
BRDA:45,7,1,31
BRDA:46,8,0,23
BRDA:46,8,1,3
BRDA:46,8,2,2
BRDA:46,8,3,2
BRDA:46,8,4,1
BRDA:67,9,0,34
BRDA:67,9,1,33
BRF:26
BRH:26
end_of_record
TN:
SF:src\components\caixa-misteriosa\AdminDashboard.jsx
FN:11,(anonymous_0)
FN:20,(anonymous_1)
FN:21,(anonymous_2)
FN:24,(anonymous_3)
FN:50,(anonymous_4)
FNF:5
FNH:0
FNDA:0,(anonymous_0)
FNDA:0,(anonymous_1)
FNDA:0,(anonymous_2)
FNDA:0,(anonymous_3)
FNDA:0,(anonymous_4)
DA:11,0
DA:13,0
DA:14,0
DA:17,0
DA:20,0
DA:21,0
DA:24,0
DA:25,0
DA:26,0
DA:28,0
DA:29,0
DA:34,0
DA:37,0
DA:40,0
DA:42,0
DA:50,0
LF:16
LH:0
BRDA:28,0,0,0
BRDA:28,0,1,0
BRDA:34,1,0,0
BRDA:34,1,1,0
BRDA:37,2,0,0
BRDA:37,2,1,0
BRDA:40,3,0,0
BRDA:40,3,1,0
BRDA:40,3,2,0
BRDA:48,4,0,0
BRDA:48,4,1,0
BRDA:54,5,0,0
BRDA:54,5,1,0
BRDA:76,6,0,0
BRDA:76,6,1,0
BRDA:76,7,0,0
BRDA:76,7,1,0
BRDA:82,8,0,0
BRDA:82,8,1,0
BRDA:82,9,0,0
BRDA:82,9,1,0
BRF:21
BRH:0
end_of_record
TN:
SF:src\components\caixa-misteriosa\ParticipantView.jsx
FN:4,(anonymous_0)
FN:23,(anonymous_1)
FN:27,(anonymous_2)
FN:33,(anonymous_3)
FN:43,(anonymous_4)
FN:62,(anonymous_5)
FN:72,(anonymous_6)
FN:74,(anonymous_7)
FN:77,(anonymous_8)
FN:128,(anonymous_9)
FN:150,(anonymous_10)
FN:168,(anonymous_11)
FN:189,(anonymous_12)
FN:190,(anonymous_13)
FN:192,(anonymous_14)
FN:286,(anonymous_15)
FN:406,(anonymous_16)
FNF:17
FNH:0
FNDA:0,(anonymous_0)
FNDA:0,(anonymous_1)
FNDA:0,(anonymous_2)
FNDA:0,(anonymous_3)
FNDA:0,(anonymous_4)
FNDA:0,(anonymous_5)
FNDA:0,(anonymous_6)
FNDA:0,(anonymous_7)
FNDA:0,(anonymous_8)
FNDA:0,(anonymous_9)
FNDA:0,(anonymous_10)
FNDA:0,(anonymous_11)
FNDA:0,(anonymous_12)
FNDA:0,(anonymous_13)
FNDA:0,(anonymous_14)
FNDA:0,(anonymous_15)
FNDA:0,(anonymous_16)
DA:4,0
DA:5,0
DA:14,0
DA:15,0
DA:16,0
DA:17,0
DA:18,0
DA:19,0
DA:20,0
DA:23,0
DA:24,0
DA:25,0
DA:26,0
DA:27,0
DA:28,0
DA:33,0
DA:34,0
DA:35,0
DA:36,0
DA:37,0
DA:38,0
DA:43,0
DA:44,0
DA:46,0
DA:48,0
DA:49,0
DA:50,0
DA:51,0
DA:52,0
DA:56,0
DA:57,0
DA:58,0
DA:59,0
DA:62,0
DA:63,0
DA:64,0
DA:68,0
DA:72,0
DA:73,0
DA:74,0
DA:77,0
DA:78,0
DA:79,0
DA:81,0
DA:83,0
DA:84,0
DA:92,0
DA:98,0
DA:99,0
DA:100,0
DA:108,0
DA:109,0
DA:111,0
DA:112,0
DA:115,0
DA:117,0
DA:118,0
DA:121,0
DA:122,0
DA:124,0
DA:128,0
DA:129,0
DA:130,0
DA:132,0
DA:133,0
DA:134,0
DA:135,0
DA:138,0
DA:139,0
DA:145,0
DA:146,0
DA:148,0
DA:150,0
DA:152,0
DA:153,0
DA:154,0
DA:158,0
DA:159,0
DA:163,0
DA:164,0
DA:165,0
DA:168,0
DA:169,0
DA:171,0
DA:173,0
DA:174,0
DA:175,0
DA:181,0
DA:182,0
DA:185,0
DA:189,0
DA:190,0
DA:191,0
DA:194,0
DA:195,0
DA:196,0
DA:197,0
DA:198,0
DA:199,0
DA:200,0
DA:205,0
DA:245,0
DA:246,0
DA:267,0
DA:287,0
DA:407,0
LF:106
LH:0
BRDA:26,0,0,0
BRDA:26,0,1,0
BRDA:35,1,0,0
BRDA:35,1,1,0
BRDA:44,2,0,0
BRDA:44,2,1,0
BRDA:44,3,0,0
BRDA:44,3,1,0
BRDA:49,4,0,0
BRDA:49,4,1,0
BRDA:57,5,0,0
BRDA:57,5,1,0
BRDA:59,6,0,0
BRDA:59,6,1,0
BRDA:63,7,0,0
BRDA:63,7,1,0
BRDA:79,8,0,0
BRDA:79,8,1,0
BRDA:79,9,0,0
BRDA:79,9,1,0
BRDA:89,10,0,0
BRDA:89,10,1,0
BRDA:98,11,0,0
BRDA:98,11,1,0
BRDA:111,12,0,0
BRDA:111,12,1,0
BRDA:130,13,0,0
BRDA:130,13,1,0
BRDA:130,14,0,0
BRDA:130,14,1,0
BRDA:130,14,2,0
BRDA:133,15,0,0
BRDA:133,15,1,0
BRDA:146,16,0,0
BRDA:146,16,1,0
BRDA:146,17,0,0
BRDA:146,17,1,0
BRDA:152,18,0,0
BRDA:152,18,1,0
BRDA:169,19,0,0
BRDA:169,19,1,0
BRDA:173,20,0,0
BRDA:173,20,1,0
BRDA:245,21,0,0
BRDA:245,21,1,0
BRDA:245,22,0,0
BRDA:245,22,1,0
BRDA:257,23,0,0
BRDA:257,23,1,0
BRDA:276,24,0,0
BRDA:276,24,1,0
BRDA:285,25,0,0
BRDA:285,25,1,0
BRDA:285,26,0,0
BRDA:285,26,1,0
BRDA:301,27,0,0
BRDA:301,27,1,0
BRDA:311,28,0,0
BRDA:311,28,1,0
BRDA:311,28,2,0
BRDA:354,29,0,0
BRDA:354,29,1,0
BRDA:370,30,0,0
BRDA:370,30,1,0
BRDA:376,31,0,0
BRDA:376,31,1,0
BRDA:389,32,0,0
BRDA:389,32,1,0
BRDA:401,33,0,0
BRDA:401,33,1,0
BRDA:411,34,0,0
BRDA:411,34,1,0
BRDA:417,35,0,0
BRDA:417,35,1,0
BRDA:429,36,0,0
BRDA:429,36,1,0
BRDA:429,36,2,0
BRDA:445,37,0,0
BRDA:445,37,1,0
BRDA:445,38,0,0
BRDA:445,38,1,0
BRDA:451,39,0,0
BRDA:451,39,1,0
BRF:83
BRH:0
end_of_record
TN:
SF:src\components\caixa-misteriosa\WaitingScreen.jsx
FN:4,(anonymous_0)
FNF:1
FNH:0
FNDA:0,(anonymous_0)
DA:4,0
DA:5,0
DA:17,0
LF:3
LH:0
BRF:0
BRH:0
end_of_record
TN:
SF:src\components\caixa-misteriosa\WinnerDisplay.jsx
FN:4,(anonymous_0)
FN:9,(anonymous_1)
FN:27,(anonymous_2)
FNF:3
FNH:0
FNDA:0,(anonymous_0)
FNDA:0,(anonymous_1)
FNDA:0,(anonymous_2)
DA:4,0
DA:5,0
DA:9,0
DA:11,0
DA:12,0
DA:23,0
DA:27,0
DA:53,0
DA:86,0
LF:9
LH:0
BRDA:11,0,0,0
BRDA:11,0,1,0
BRDA:15,1,0,0
BRDA:15,1,1,0
BRDA:16,2,0,0
BRDA:16,2,1,0
BRDA:18,3,0,0
BRDA:18,3,1,0
BRDA:32,4,0,0
BRDA:32,4,1,0
BRDA:33,5,0,0
BRDA:33,5,1,0
BRDA:33,6,0,0
BRDA:33,6,1,0
BRDA:37,7,0,0
BRDA:37,7,1,0
BRDA:38,8,0,0
BRDA:38,8,1,0
BRDA:41,9,0,0
BRDA:41,9,1,0
BRDA:44,10,0,0
BRDA:44,10,1,0
BRDA:62,11,0,0
BRDA:62,11,1,0
BRDA:63,12,0,0
BRDA:63,12,1,0
BRDA:70,13,0,0
BRDA:70,13,1,0
BRDA:73,14,0,0
BRDA:73,14,1,0
BRDA:77,15,0,0
BRDA:77,15,1,0
BRDA:82,16,0,0
BRDA:82,16,1,0
BRF:34
BRH:0
end_of_record
TN:
SF:src\components\caixa-misteriosa\admin\LiveControlView.jsx
FN:4,(anonymous_0)
FN:11,(anonymous_1)
FN:13,(anonymous_2)
FN:19,(anonymous_3)
FN:38,(anonymous_4)
FN:48,(anonymous_5)
FN:103,(anonymous_6)
FN:105,(anonymous_7)
FN:107,(anonymous_8)
FN:171,(anonymous_9)
FN:181,(anonymous_10)
FN:191,(anonymous_11)
FN:206,(anonymous_12)
FN:227,(anonymous_13)
FN:270,(anonymous_14)
FN:290,(anonymous_15)
FN:303,(anonymous_16)
FNF:17
FNH:0
FNDA:0,(anonymous_0)
FNDA:0,(anonymous_1)
FNDA:0,(anonymous_2)
FNDA:0,(anonymous_3)
FNDA:0,(anonymous_4)
FNDA:0,(anonymous_5)
FNDA:0,(anonymous_6)
FNDA:0,(anonymous_7)
FNDA:0,(anonymous_8)
FNDA:0,(anonymous_9)
FNDA:0,(anonymous_10)
FNDA:0,(anonymous_11)
FNDA:0,(anonymous_12)
FNDA:0,(anonymous_13)
FNDA:0,(anonymous_14)
FNDA:0,(anonymous_15)
FNDA:0,(anonymous_16)
DA:4,0
DA:6,0
DA:9,0
DA:11,0
DA:13,0
DA:14,0
DA:15,0
DA:19,0
DA:20,0
DA:21,0
DA:22,0
DA:28,0
DA:29,0
DA:30,0
DA:40,0
DA:41,0
DA:48,0
DA:57,0
DA:104,0
DA:105,0
DA:106,0
DA:108,0
DA:171,0
DA:181,0
DA:192,0
DA:207,0
DA:208,0
DA:228,0
DA:270,0
DA:271,0
DA:275,0
DA:290,0
DA:303,0
LF:33
LH:0
BRDA:6,0,0,0
BRDA:6,0,1,0
BRDA:20,1,0,0
BRDA:20,1,1,0
BRDA:28,2,0,0
BRDA:28,2,1,0
BRDA:28,3,0,0
BRDA:28,3,1,0
BRDA:28,3,2,0
BRDA:48,4,0,0
BRDA:48,4,1,0
BRDA:63,5,0,0
BRDA:63,5,1,0
BRDA:64,6,0,0
BRDA:64,6,1,0
BRDA:66,7,0,0
BRDA:66,7,1,0
BRDA:68,8,0,0
BRDA:68,8,1,0
BRDA:69,9,0,0
BRDA:69,9,1,0
BRDA:70,10,0,0
BRDA:70,10,1,0
BRDA:71,11,0,0
BRDA:71,11,1,0
BRDA:130,12,0,0
BRDA:130,12,1,0
BRDA:130,12,2,0
BRDA:130,13,0,0
BRDA:130,13,1,0
BRDA:132,14,0,0
BRDA:132,14,1,0
BRDA:132,15,0,0
BRDA:132,15,1,0
BRDA:132,16,0,0
BRDA:132,16,1,0
BRDA:134,17,0,0
BRDA:134,17,1,0
BRDA:143,18,0,0
BRDA:143,18,1,0
BRDA:147,19,0,0
BRDA:147,19,1,0
BRDA:147,20,0,0
BRDA:147,20,1,0
BRDA:152,21,0,0
BRDA:152,21,1,0
BRDA:161,22,0,0
BRDA:161,22,1,0
BRDA:171,23,0,0
BRDA:171,23,1,0
BRDA:181,24,0,0
BRDA:181,24,1,0
BRDA:191,25,0,0
BRDA:191,25,1,0
BRDA:192,26,0,0
BRDA:192,26,1,0
BRDA:203,27,0,0
BRDA:203,27,1,0
BRDA:211,28,0,0
BRDA:211,28,1,0
BRDA:223,29,0,0
BRDA:223,29,1,0
BRDA:226,30,0,0
BRDA:226,30,1,0
BRDA:226,31,0,0
BRDA:226,31,1,0
BRDA:227,32,0,0
BRDA:227,32,1,0
BRDA:230,33,0,0
BRDA:230,33,1,0
BRDA:231,34,0,0
BRDA:231,34,1,0
BRDA:231,35,0,0
BRDA:231,35,1,0
BRDA:232,36,0,0
BRDA:232,36,1,0
BRDA:233,37,0,0
BRDA:233,37,1,0
BRDA:238,38,0,0
BRDA:238,38,1,0
BRDA:239,39,0,0
BRDA:239,39,1,0
BRDA:244,40,0,0
BRDA:244,40,1,0
BRDA:245,41,0,0
BRDA:245,41,1,0
BRDA:252,42,0,0
BRDA:252,42,1,0
BRDA:279,43,0,0
BRDA:279,43,1,0
BRDA:282,44,0,0
BRDA:282,44,1,0
BRDA:287,45,0,0
BRDA:287,45,1,0
BRDA:292,46,0,0
BRDA:292,46,1,0
BRDA:293,47,0,0
BRDA:293,47,1,0
BRDA:294,48,0,0
BRDA:294,48,1,0
BRDA:294,49,0,0
BRDA:294,49,1,0
BRDA:298,50,0,0
BRDA:298,50,1,0
BRDA:305,51,0,0
BRDA:305,51,1,0
BRDA:305,52,0,0
BRDA:305,52,1,0
BRDA:305,53,0,0
BRDA:305,53,1,0
BRDA:306,54,0,0
BRDA:306,54,1,0
BRDA:306,55,0,0
BRDA:306,55,1,0
BRDA:306,56,0,0
BRDA:306,56,1,0
BRDA:307,57,0,0
BRDA:307,57,1,0
BRDA:313,58,0,0
BRDA:313,58,1,0
BRDA:319,59,0,0
BRDA:319,59,1,0
BRDA:322,60,0,0
BRDA:322,60,1,0
BRDA:325,61,0,0
BRDA:325,61,1,0
BRF:126
BRH:0
end_of_record
TN:
SF:src\components\caixa-misteriosa\admin\LiveControlViewModern.jsx
FN:9,validateGuessWithAI
FN:47,simpleValidateGuess
FN:48,(anonymous_2)
FN:59,(anonymous_3)
FN:80,(anonymous_4)
FN:84,(anonymous_5)
FN:90,(anonymous_6)
FN:107,(anonymous_7)
FN:122,(anonymous_8)
FN:124,(anonymous_9)
FN:130,(anonymous_10)
FN:139,(anonymous_11)
FN:145,(anonymous_12)
FN:176,(anonymous_13)
FN:200,(anonymous_14)
FN:203,(anonymous_15)
FN:203,(anonymous_16)
FN:230,(anonymous_17)
FN:239,(anonymous_18)
FN:301,(anonymous_19)
FN:320,(anonymous_20)
FN:351,(anonymous_21)
FN:353,(anonymous_22)
FN:377,(anonymous_23)
FN:391,(anonymous_24)
FN:411,(anonymous_25)
FN:430,(anonymous_26)
FN:447,(anonymous_27)
FN:466,(anonymous_28)
FN:476,(anonymous_29)
FN:498,(anonymous_30)
FN:523,(anonymous_31)
FN:537,(anonymous_32)
FN:572,(anonymous_33)
FN:630,(anonymous_34)
FN:631,(anonymous_35)
FN:637,(anonymous_36)
FN:671,(anonymous_37)
FN:672,(anonymous_38)
FN:781,(anonymous_39)
FN:854,(anonymous_40)
FNF:41
FNH:0
FNDA:0,validateGuessWithAI
FNDA:0,simpleValidateGuess
FNDA:0,(anonymous_2)
FNDA:0,(anonymous_3)
FNDA:0,(anonymous_4)
FNDA:0,(anonymous_5)
FNDA:0,(anonymous_6)
FNDA:0,(anonymous_7)
FNDA:0,(anonymous_8)
FNDA:0,(anonymous_9)
FNDA:0,(anonymous_10)
FNDA:0,(anonymous_11)
FNDA:0,(anonymous_12)
FNDA:0,(anonymous_13)
FNDA:0,(anonymous_14)
FNDA:0,(anonymous_15)
FNDA:0,(anonymous_16)
FNDA:0,(anonymous_17)
FNDA:0,(anonymous_18)
FNDA:0,(anonymous_19)
FNDA:0,(anonymous_20)
FNDA:0,(anonymous_21)
FNDA:0,(anonymous_22)
FNDA:0,(anonymous_23)
FNDA:0,(anonymous_24)
FNDA:0,(anonymous_25)
FNDA:0,(anonymous_26)
FNDA:0,(anonymous_27)
FNDA:0,(anonymous_28)
FNDA:0,(anonymous_29)
FNDA:0,(anonymous_30)
FNDA:0,(anonymous_31)
FNDA:0,(anonymous_32)
FNDA:0,(anonymous_33)
FNDA:0,(anonymous_34)
FNDA:0,(anonymous_35)
FNDA:0,(anonymous_36)
FNDA:0,(anonymous_37)
FNDA:0,(anonymous_38)
FNDA:0,(anonymous_39)
FNDA:0,(anonymous_40)
DA:10,0
DA:12,0
DA:14,0
DA:15,0
DA:16,0
DA:19,0
DA:22,0
DA:28,0
DA:29,0
DA:30,0
DA:31,0
DA:35,0
DA:36,0
DA:39,0
DA:40,0
DA:48,0
DA:49,0
DA:59,0
DA:61,0
DA:62,0
DA:64,0
DA:67,0
DA:68,0
DA:71,0
DA:72,0
DA:76,0
DA:79,0
DA:80,0
DA:83,0
DA:84,0
DA:90,0
DA:92,0
DA:94,0
DA:103,0
DA:107,0
DA:108,0
DA:109,0
DA:115,0
DA:117,0
DA:120,0
DA:122,0
DA:124,0
DA:125,0
DA:126,0
DA:130,0
DA:131,0
DA:132,0
DA:133,0
DA:139,0
DA:140,0
DA:141,0
DA:145,0
DA:146,0
DA:147,0
DA:157,0
DA:160,0
DA:161,0
DA:163,0
DA:164,0
DA:165,0
DA:166,0
DA:172,0
DA:173,0
DA:176,0
DA:177,0
DA:178,0
DA:180,0
DA:181,0
DA:183,0
DA:190,0
DA:191,0
DA:192,0
DA:195,0
DA:199,0
DA:200,0
DA:203,0
DA:204,0
DA:207,0
DA:214,0
DA:215,0
DA:217,0
DA:222,0
DA:223,0
DA:224,0
DA:231,0
DA:232,0
DA:240,0
DA:241,0
DA:242,0
DA:254,0
DA:301,0
DA:320,0
DA:352,0
DA:353,0
DA:354,0
DA:378,0
DA:379,0
DA:392,0
DA:394,0
DA:412,0
DA:414,0
DA:417,0
DA:431,0
DA:432,0
DA:433,0
DA:448,0
DA:467,0
DA:468,0
DA:469,0
DA:473,0
DA:474,0
DA:475,0
DA:476,0
DA:477,0
DA:479,0
DA:481,0
DA:483,0
DA:485,0
DA:488,0
DA:499,0
DA:500,0
DA:501,0
DA:505,0
DA:506,0
DA:507,0
DA:508,0
DA:510,0
DA:513,0
DA:524,0
DA:525,0
DA:538,0
DA:540,0
DA:573,0
DA:575,0
DA:583,0
DA:584,0
DA:585,0
DA:590,0
DA:592,0
DA:601,0
DA:603,0
DA:605,0
DA:607,0
DA:608,0
DA:609,0
DA:611,0
DA:614,0
DA:615,0
DA:617,0
DA:618,0
DA:630,0
DA:631,0
DA:638,0
DA:639,0
DA:640,0
DA:650,0
DA:651,0
DA:652,0
DA:653,0
DA:655,0
DA:658,0
DA:671,0
DA:672,0
DA:700,0
DA:781,0
DA:854,0
LF:166
LH:0
BRDA:14,0,0,0
BRDA:14,0,1,0
BRDA:28,1,0,0
BRDA:28,1,1,0
BRDA:61,2,0,0
BRDA:61,2,1,0
BRDA:61,3,0,0
BRDA:61,3,1,0
BRDA:71,4,0,0
BRDA:71,4,1,0
BRDA:80,5,0,0
BRDA:80,5,1,0
BRDA:84,6,0,0
BRDA:84,6,1,0
BRDA:90,7,0,0
BRDA:90,7,1,0
BRDA:117,8,0,0
BRDA:117,8,1,0
BRDA:131,9,0,0
BRDA:131,9,1,0
BRDA:140,10,0,0
BRDA:140,10,1,0
BRDA:163,11,0,0
BRDA:163,11,1,0
BRDA:169,12,0,0
BRDA:169,12,1,0
BRDA:172,13,0,0
BRDA:172,13,1,0
BRDA:172,14,0,0
BRDA:172,14,1,0
BRDA:178,15,0,0
BRDA:178,15,1,0
BRDA:180,16,0,0
BRDA:180,16,1,0
BRDA:180,17,0,0
BRDA:180,17,1,0
BRDA:184,18,0,0
BRDA:184,18,1,0
BRDA:190,19,0,0
BRDA:190,19,1,0
BRDA:191,20,0,0
BRDA:191,20,1,0
BRDA:209,21,0,0
BRDA:209,21,1,0
BRDA:222,22,0,0
BRDA:222,22,1,0
BRDA:222,23,0,0
BRDA:222,23,1,0
BRDA:222,23,2,0
BRDA:240,24,0,0
BRDA:240,24,1,0
BRDA:241,25,0,0
BRDA:241,25,1,0
BRDA:284,26,0,0
BRDA:284,26,1,0
BRDA:288,27,0,0
BRDA:288,27,1,0
BRDA:289,28,0,0
BRDA:289,28,1,0
BRDA:290,29,0,0
BRDA:290,29,1,0
BRDA:291,30,0,0
BRDA:291,30,1,0
BRDA:298,31,0,0
BRDA:298,31,1,0
BRDA:317,32,0,0
BRDA:317,32,1,0
BRDA:369,33,0,0
BRDA:369,33,1,0
BRDA:369,33,2,0
BRDA:369,34,0,0
BRDA:369,34,1,0
BRDA:371,35,0,0
BRDA:371,35,1,0
BRDA:371,36,0,0
BRDA:371,36,1,0
BRDA:371,37,0,0
BRDA:371,37,1,0
BRDA:374,38,0,0
BRDA:374,38,1,0
BRDA:378,39,0,0
BRDA:378,39,1,0
BRDA:388,40,0,0
BRDA:388,40,1,0
BRDA:398,41,0,0
BRDA:398,41,1,0
BRDA:402,42,0,0
BRDA:402,42,1,0
BRDA:402,42,2,0
BRDA:412,43,0,0
BRDA:412,43,1,0
BRDA:431,44,0,0
BRDA:431,44,1,0
BRDA:432,45,0,0
BRDA:432,45,1,0
BRDA:447,46,0,0
BRDA:447,46,1,0
BRDA:448,47,0,0
BRDA:448,47,1,0
BRDA:450,48,0,0
BRDA:450,48,1,0
BRDA:450,49,0,0
BRDA:450,49,1,0
BRDA:462,50,0,0
BRDA:462,50,1,0
BRDA:467,51,0,0
BRDA:467,51,1,0
BRDA:474,52,0,0
BRDA:474,52,1,0
BRDA:475,53,0,0
BRDA:475,53,1,0
BRDA:499,54,0,0
BRDA:499,54,1,0
BRDA:506,55,0,0
BRDA:506,55,1,0
BRDA:530,56,0,0
BRDA:530,56,1,0
BRDA:536,57,0,0
BRDA:536,57,1,0
BRDA:536,58,0,0
BRDA:536,58,1,0
BRDA:537,59,0,0
BRDA:537,59,1,0
BRDA:543,60,0,0
BRDA:543,60,1,0
BRDA:548,61,0,0
BRDA:548,61,1,0
BRDA:557,62,0,0
BRDA:557,62,1,0
BRDA:558,63,0,0
BRDA:558,63,1,0
BRDA:558,63,2,0
BRDA:562,64,0,0
BRDA:562,64,1,0
BRDA:562,64,2,0
BRDA:568,65,0,0
BRDA:568,65,1,0
BRDA:583,66,0,0
BRDA:583,66,1,0
BRDA:583,67,0,0
BRDA:583,67,1,0
BRDA:583,67,2,0
BRDA:607,68,0,0
BRDA:607,68,1,0
BRDA:617,69,0,0
BRDA:617,69,1,0
BRDA:638,70,0,0
BRDA:638,70,1,0
BRDA:638,71,0,0
BRDA:638,71,1,0
BRDA:651,72,0,0
BRDA:651,72,1,0
BRDA:783,73,0,0
BRDA:783,73,1,0
BRDA:784,74,0,0
BRDA:784,74,1,0
BRDA:785,75,0,0
BRDA:785,75,1,0
BRDA:857,76,0,0
BRDA:857,76,1,0
BRDA:858,77,0,0
BRDA:858,77,1,0
BRF:162
BRH:0
end_of_record
TN:
SF:src\components\caixa-misteriosa\admin\SetupView.jsx
FN:6,(anonymous_0)
FN:18,(anonymous_1)
FN:38,(anonymous_2)
FN:44,(anonymous_3)
FN:50,(anonymous_4)
FN:59,(anonymous_5)
FN:69,(anonymous_6)
FN:78,(anonymous_7)
FN:88,(anonymous_8)
FN:103,(anonymous_9)
FN:107,(anonymous_10)
FN:135,(anonymous_11)
FN:141,(anonymous_12)
FN:149,(anonymous_13)
FN:151,(anonymous_14)
FN:160,(anonymous_15)
FN:174,(anonymous_16)
FN:179,(anonymous_17)
FN:209,(anonymous_18)
FN:228,(anonymous_19)
FN:254,(anonymous_20)
FN:256,(anonymous_21)
FN:267,(anonymous_22)
FN:277,(anonymous_23)
FN:307,(anonymous_24)
FN:327,(anonymous_25)
FN:360,(anonymous_26)
FN:367,(anonymous_27)
FN:374,(anonymous_28)
FN:381,(anonymous_29)
FN:388,(anonymous_30)
FN:394,(anonymous_31)
FN:422,(anonymous_32)
FN:427,(anonymous_33)
FN:433,(anonymous_34)
FN:454,(anonymous_35)
FN:487,(anonymous_36)
FN:488,(anonymous_37)
FN:494,(anonymous_38)
FN:503,(anonymous_39)
FN:513,(anonymous_40)
FN:554,(anonymous_41)
FN:556,(anonymous_42)
FN:562,(anonymous_43)
FN:571,(anonymous_44)
FN:572,(anonymous_45)
FN:582,(anonymous_46)
FN:594,(anonymous_47)
FN:598,(anonymous_48)
FN:599,(anonymous_49)
FN:600,(anonymous_50)
FN:609,(anonymous_51)
FN:620,(anonymous_52)
FN:662,(anonymous_53)
FNF:54
FNH:0
FNDA:0,(anonymous_0)
FNDA:0,(anonymous_1)
FNDA:0,(anonymous_2)
FNDA:0,(anonymous_3)
FNDA:0,(anonymous_4)
FNDA:0,(anonymous_5)
FNDA:0,(anonymous_6)
FNDA:0,(anonymous_7)
FNDA:0,(anonymous_8)
FNDA:0,(anonymous_9)
FNDA:0,(anonymous_10)
FNDA:0,(anonymous_11)
FNDA:0,(anonymous_12)
FNDA:0,(anonymous_13)
FNDA:0,(anonymous_14)
FNDA:0,(anonymous_15)
FNDA:0,(anonymous_16)
FNDA:0,(anonymous_17)
FNDA:0,(anonymous_18)
FNDA:0,(anonymous_19)
FNDA:0,(anonymous_20)
FNDA:0,(anonymous_21)
FNDA:0,(anonymous_22)
FNDA:0,(anonymous_23)
FNDA:0,(anonymous_24)
FNDA:0,(anonymous_25)
FNDA:0,(anonymous_26)
FNDA:0,(anonymous_27)
FNDA:0,(anonymous_28)
FNDA:0,(anonymous_29)
FNDA:0,(anonymous_30)
FNDA:0,(anonymous_31)
FNDA:0,(anonymous_32)
FNDA:0,(anonymous_33)
FNDA:0,(anonymous_34)
FNDA:0,(anonymous_35)
FNDA:0,(anonymous_36)
FNDA:0,(anonymous_37)
FNDA:0,(anonymous_38)
FNDA:0,(anonymous_39)
FNDA:0,(anonymous_40)
FNDA:0,(anonymous_41)
FNDA:0,(anonymous_42)
FNDA:0,(anonymous_43)
FNDA:0,(anonymous_44)
FNDA:0,(anonymous_45)
FNDA:0,(anonymous_46)
FNDA:0,(anonymous_47)
FNDA:0,(anonymous_48)
FNDA:0,(anonymous_49)
FNDA:0,(anonymous_50)
FNDA:0,(anonymous_51)
FNDA:0,(anonymous_52)
FNDA:0,(anonymous_53)
DA:6,0
DA:7,0
DA:14,0
DA:18,0
DA:28,0
DA:29,0
DA:31,0
DA:32,0
DA:33,0
DA:34,0
DA:36,0
DA:38,0
DA:39,0
DA:40,0
DA:41,0
DA:44,0
DA:45,0
DA:46,0
DA:50,0
DA:51,0
DA:52,0
DA:53,0
DA:55,0
DA:59,0
DA:60,0
DA:61,0
DA:62,0
DA:64,0
DA:65,0
DA:69,0
DA:70,0
DA:71,0
DA:72,0
DA:74,0
DA:78,0
DA:79,0
DA:80,0
DA:81,0
DA:83,0
DA:84,0
DA:88,0
DA:89,0
DA:90,0
DA:91,0
DA:92,0
DA:93,0
DA:94,0
DA:96,0
DA:97,0
DA:98,0
DA:99,0
DA:103,0
DA:104,0
DA:107,0
DA:108,0
DA:109,0
DA:110,0
DA:112,0
DA:113,0
DA:114,0
DA:115,0
DA:116,0
DA:117,0
DA:118,0
DA:119,0
DA:120,0
DA:121,0
DA:124,0
DA:126,0
DA:127,0
DA:128,0
DA:129,0
DA:131,0
DA:132,0
DA:135,0
DA:136,0
DA:141,0
DA:142,0
DA:143,0
DA:145,0
DA:149,0
DA:150,0
DA:151,0
DA:152,0
DA:153,0
DA:154,0
DA:156,0
DA:157,0
DA:158,0
DA:160,0
DA:161,0
DA:162,0
DA:163,0
DA:169,0
DA:170,0
DA:174,0
DA:175,0
DA:176,0
DA:177,0
DA:179,0
DA:180,0
DA:181,0
DA:186,0
DA:187,0
DA:190,0
DA:191,0
DA:192,0
DA:193,0
DA:195,0
DA:197,0
DA:198,0
DA:199,0
DA:200,0
DA:201,0
DA:205,0
DA:207,0
DA:208,0
DA:209,0
DA:210,0
DA:212,0
DA:213,0
DA:219,0
DA:220,0
DA:228,0
DA:229,0
DA:230,0
DA:231,0
DA:233,0
DA:234,0
DA:236,0
DA:237,0
DA:239,0
DA:241,0
DA:242,0
DA:243,0
DA:244,0
DA:246,0
DA:249,0
DA:250,0
DA:254,0
DA:255,0
DA:256,0
DA:257,0
DA:258,0
DA:259,0
DA:260,0
DA:261,0
DA:262,0
DA:267,0
DA:268,0
DA:269,0
DA:270,0
DA:272,0
DA:273,0
DA:274,0
DA:276,0
DA:277,0
DA:278,0
DA:279,0
DA:280,0
DA:282,0
DA:283,0
DA:285,0
DA:286,0
DA:287,0
DA:288,0
DA:290,0
DA:291,0
DA:293,0
DA:294,0
DA:295,0
DA:296,0
DA:297,0
DA:299,0
DA:302,0
DA:303,0
DA:307,0
DA:308,0
DA:309,0
DA:310,0
DA:311,0
DA:312,0
DA:313,0
DA:315,0
DA:321,0
DA:322,0
DA:323,0
DA:325,0
DA:326,0
DA:327,0
DA:328,0
DA:329,0
DA:330,0
DA:332,0
DA:334,0
DA:337,0
DA:338,0
DA:343,0
DA:360,0
DA:367,0
DA:374,0
DA:381,0
DA:388,0
DA:394,0
DA:422,0
DA:428,0
DA:434,0
DA:435,0
DA:436,0
DA:454,0
DA:488,0
DA:489,0
DA:495,0
DA:504,0
DA:505,0
DA:506,0
DA:514,0
DA:555,0
DA:556,0
DA:563,0
DA:564,0
DA:571,0
DA:572,0
DA:582,0
DA:595,0
DA:598,0
DA:599,0
DA:600,0
DA:609,0
DA:620,0
DA:621,0
DA:625,0
DA:642,0
DA:662,0
LF:234
LH:0
BRDA:14,0,0,0
BRDA:14,0,1,0
BRDA:45,1,0,0
BRDA:45,1,1,0
BRDA:62,2,0,0
BRDA:62,2,1,0
BRDA:81,3,0,0
BRDA:81,3,1,0
BRDA:91,4,0,0
BRDA:91,4,1,0
BRDA:91,5,0,0
BRDA:91,5,1,0
BRDA:97,6,0,0
BRDA:97,6,1,0
BRDA:108,7,0,0
BRDA:108,7,1,0
BRDA:117,8,0,0
BRDA:117,8,1,0
BRDA:117,9,0,0
BRDA:117,9,1,0
BRDA:127,10,0,0
BRDA:127,10,1,0
BRDA:127,11,0,0
BRDA:127,11,1,0
BRDA:142,12,0,0
BRDA:142,12,1,0
BRDA:150,13,0,0
BRDA:150,13,1,0
BRDA:152,14,0,0
BRDA:152,14,1,0
BRDA:156,15,0,0
BRDA:156,15,1,0
BRDA:156,16,0,0
BRDA:156,16,1,0
BRDA:161,17,0,0
BRDA:161,17,1,0
BRDA:162,18,0,0
BRDA:162,18,1,0
BRDA:166,19,0,0
BRDA:166,19,1,0
BRDA:175,20,0,0
BRDA:175,20,1,0
BRDA:175,21,0,0
BRDA:175,21,1,0
BRDA:179,22,0,0
BRDA:179,22,1,0
BRDA:180,23,0,0
BRDA:180,23,1,0
BRDA:186,24,0,0
BRDA:186,24,1,0
BRDA:190,25,0,0
BRDA:190,25,1,0
BRDA:192,26,0,0
BRDA:192,26,1,0
BRDA:199,27,0,0
BRDA:199,27,1,0
BRDA:199,28,0,0
BRDA:199,28,1,0
BRDA:202,29,0,0
BRDA:202,29,1,0
BRDA:207,30,0,0
BRDA:207,30,1,0
BRDA:207,31,0,0
BRDA:207,31,1,0
BRDA:207,31,2,0
BRDA:222,32,0,0
BRDA:222,32,1,0
BRDA:229,33,0,0
BRDA:229,33,1,0
BRDA:229,34,0,0
BRDA:229,34,1,0
BRDA:236,35,0,0
BRDA:236,35,1,0
BRDA:241,36,0,0
BRDA:241,36,1,0
BRDA:241,37,0,0
BRDA:241,37,1,0
BRDA:246,38,0,0
BRDA:246,38,1,0
BRDA:255,39,0,0
BRDA:255,39,1,0
BRDA:260,40,0,0
BRDA:260,40,1,0
BRDA:268,41,0,0
BRDA:268,41,1,0
BRDA:268,42,0,0
BRDA:268,42,1,0
BRDA:272,43,0,0
BRDA:272,43,1,0
BRDA:272,44,0,0
BRDA:272,44,1,0
BRDA:276,45,0,0
BRDA:276,45,1,0
BRDA:277,46,0,0
BRDA:277,46,1,0
BRDA:278,47,0,0
BRDA:278,47,1,0
BRDA:282,48,0,0
BRDA:282,48,1,0
BRDA:285,49,0,0
BRDA:285,49,1,0
BRDA:286,50,0,0
BRDA:286,50,1,0
BRDA:293,51,0,0
BRDA:293,51,1,0
BRDA:293,52,0,0
BRDA:293,52,1,0
BRDA:294,53,0,0
BRDA:294,53,1,0
BRDA:297,54,0,0
BRDA:297,54,1,0
BRDA:299,55,0,0
BRDA:299,55,1,0
BRDA:299,56,0,0
BRDA:299,56,1,0
BRDA:302,57,0,0
BRDA:302,57,1,0
BRDA:303,58,0,0
BRDA:303,58,1,0
BRDA:303,59,0,0
BRDA:303,59,1,0
BRDA:308,60,0,0
BRDA:308,60,1,0
BRDA:311,61,0,0
BRDA:311,61,1,0
BRDA:321,62,0,0
BRDA:321,62,1,0
BRDA:326,63,0,0
BRDA:326,63,1,0
BRDA:329,64,0,0
BRDA:329,64,1,0
BRDA:346,65,0,0
BRDA:346,65,1,0
BRDA:355,66,0,0
BRDA:355,66,1,0
BRDA:359,67,0,0
BRDA:359,67,1,0
BRDA:366,68,0,0
BRDA:366,68,1,0
BRDA:373,69,0,0
BRDA:373,69,1,0
BRDA:380,70,0,0
BRDA:380,70,1,0
BRDA:387,71,0,0
BRDA:387,71,1,0
BRDA:393,72,0,0
BRDA:393,72,1,0
BRDA:399,73,0,0
BRDA:399,73,1,0
BRDA:408,74,0,0
BRDA:408,74,1,0
BRDA:417,75,0,0
BRDA:417,75,1,0
BRDA:427,76,0,0
BRDA:427,76,1,0
BRDA:432,77,0,0
BRDA:432,77,1,0
BRDA:434,78,0,0
BRDA:434,78,1,0
BRDA:440,79,0,0
BRDA:440,79,1,0
BRDA:441,80,0,0
BRDA:441,80,1,0
BRDA:447,81,0,0
BRDA:447,81,1,0
BRDA:463,82,0,0
BRDA:463,82,1,0
BRDA:471,83,0,0
BRDA:471,83,1,0
BRDA:471,83,2,0
BRDA:486,84,0,0
BRDA:486,84,1,0
BRDA:489,85,0,0
BRDA:489,85,1,0
BRDA:505,86,0,0
BRDA:505,86,1,0
BRDA:510,87,0,0
BRDA:510,87,1,0
BRDA:512,88,0,0
BRDA:512,88,1,0
BRDA:512,89,0,0
BRDA:512,89,1,0
BRDA:514,90,0,0
BRDA:514,90,1,0
BRDA:521,91,0,0
BRDA:521,91,1,0
BRDA:521,91,2,0
BRDA:532,92,0,0
BRDA:532,92,1,0
BRDA:553,93,0,0
BRDA:553,93,1,0
BRDA:553,94,0,0
BRDA:553,94,1,0
BRDA:558,95,0,0
BRDA:558,95,1,0
BRDA:589,96,0,0
BRDA:589,96,1,0
BRDA:593,97,0,0
BRDA:593,97,1,0
BRDA:593,98,0,0
BRDA:593,98,1,0
BRDA:596,99,0,0
BRDA:596,99,1,0
BRDA:670,100,0,0
BRDA:670,100,1,0
BRDA:672,101,0,0
BRDA:672,101,1,0
BRF:207
BRH:0
end_of_record
TN:
SF:src\components\caixa-misteriosa\admin\WinnerDrawView.jsx
FN:6,simpleValidateGuess
FN:7,(anonymous_1)
FN:17,(anonymous_2)
FN:34,(anonymous_3)
FN:40,validateGuessWithAI
FN:67,(anonymous_5)
FN:83,(anonymous_6)
FN:92,(anonymous_7)
FN:98,(anonymous_8)
FN:106,(anonymous_9)
FN:126,(anonymous_10)
FN:144,(anonymous_11)
FN:148,(anonymous_12)
FN:149,(anonymous_13)
FN:160,(anonymous_14)
FN:340,(anonymous_15)
FNF:16
FNH:0
FNDA:0,simpleValidateGuess
FNDA:0,(anonymous_1)
FNDA:0,(anonymous_2)
FNDA:0,(anonymous_3)
FNDA:0,validateGuessWithAI
FNDA:0,(anonymous_5)
FNDA:0,(anonymous_6)
FNDA:0,(anonymous_7)
FNDA:0,(anonymous_8)
FNDA:0,(anonymous_9)
FNDA:0,(anonymous_10)
FNDA:0,(anonymous_11)
FNDA:0,(anonymous_12)
FNDA:0,(anonymous_13)
FNDA:0,(anonymous_14)
FNDA:0,(anonymous_15)
DA:7,0
DA:8,0
DA:17,0
DA:18,0
DA:19,0
DA:21,0
DA:24,0
DA:25,0
DA:27,0
DA:28,0
DA:31,0
DA:32,0
DA:34,0
DA:41,0
DA:42,0
DA:44,0
DA:45,0
DA:48,0
DA:54,0
DA:55,0
DA:56,0
DA:59,0
DA:61,0
DA:62,0
DA:67,0
DA:68,0
DA:69,0
DA:75,0
DA:76,0
DA:77,0
DA:78,0
DA:80,0
DA:83,0
DA:84,0
DA:85,0
DA:86,0
DA:87,0
DA:92,0
DA:93,0
DA:94,0
DA:98,0
DA:99,0
DA:100,0
DA:102,0
DA:103,0
DA:106,0
DA:107,0
DA:109,0
DA:110,0
DA:112,0
DA:113,0
DA:122,0
DA:125,0
DA:126,0
DA:128,0
DA:130,0
DA:137,0
DA:139,0
DA:144,0
DA:145,0
DA:146,0
DA:148,0
DA:149,0
DA:150,0
DA:151,0
DA:152,0
DA:153,0
DA:155,0
DA:160,0
DA:161,0
DA:162,0
DA:168,0
DA:171,0
DA:172,0
DA:173,0
DA:181,0
DA:183,0
DA:184,0
DA:185,0
DA:186,0
DA:188,0
DA:191,0
DA:193,0
DA:195,0
DA:199,0
DA:200,0
DA:201,0
DA:209,0
DA:211,0
DA:212,0
DA:213,0
DA:214,0
DA:216,0
DA:219,0
DA:221,0
DA:225,0
DA:226,0
DA:236,0
DA:341,0
DA:402,0
LF:100
LH:0
BRDA:18,0,0,0
BRDA:18,0,1,0
BRDA:18,1,0,0
BRDA:18,1,1,0
BRDA:27,2,0,0
BRDA:27,2,1,0
BRDA:44,3,0,0
BRDA:44,3,1,0
BRDA:54,4,0,0
BRDA:54,4,1,0
BRDA:80,5,0,0
BRDA:80,5,1,0
BRDA:84,6,0,0
BRDA:84,6,1,0
BRDA:84,7,0,0
BRDA:84,7,1,0
BRDA:93,8,0,0
BRDA:93,8,1,0
BRDA:93,9,0,0
BRDA:93,9,1,0
BRDA:93,9,2,0
BRDA:107,10,0,0
BRDA:107,10,1,0
BRDA:109,11,0,0
BRDA:109,11,1,0
BRDA:109,12,0,0
BRDA:109,12,1,0
BRDA:112,13,0,0
BRDA:112,13,1,0
BRDA:115,14,0,0
BRDA:115,14,1,0
BRDA:116,15,0,0
BRDA:116,15,1,0
BRDA:150,16,0,0
BRDA:150,16,1,0
BRDA:161,17,0,0
BRDA:161,17,1,0
BRDA:168,18,0,0
BRDA:168,18,1,0
BRDA:183,19,0,0
BRDA:183,19,1,0
BRDA:211,20,0,0
BRDA:211,20,1,0
BRDA:225,21,0,0
BRDA:225,21,1,0
BRDA:225,22,0,0
BRDA:225,22,1,0
BRDA:288,23,0,0
BRDA:288,23,1,0
BRDA:293,24,0,0
BRDA:293,24,1,0
BRDA:294,25,0,0
BRDA:294,25,1,0
BRDA:296,26,0,0
BRDA:296,26,1,0
BRDA:297,27,0,0
BRDA:297,27,1,0
BRDA:303,28,0,0
BRDA:303,28,1,0
BRDA:303,28,2,0
BRDA:315,29,0,0
BRDA:315,29,1,0
BRDA:315,29,2,0
BRDA:321,30,0,0
BRDA:321,30,1,0
BRDA:323,31,0,0
BRDA:323,31,1,0
BRDA:338,32,0,0
BRDA:338,32,1,0
BRDA:349,33,0,0
BRDA:349,33,1,0
BRDA:374,34,0,0
BRDA:374,34,1,0
BRDA:374,34,2,0
BRDA:377,35,0,0
BRDA:377,35,1,0
BRDA:380,36,0,0
BRDA:380,36,1,0
BRDA:380,37,0,0
BRDA:380,37,1,0
BRDA:381,38,0,0
BRDA:381,38,1,0
BRDA:381,39,0,0
BRDA:381,39,1,0
BRDA:384,40,0,0
BRDA:384,40,1,0
BRDA:384,41,0,0
BRDA:384,41,1,0
BRDA:389,42,0,0
BRDA:389,42,1,0
BRDA:389,42,2,0
BRDA:389,42,3,0
BRF:92
BRH:0
end_of_record
TN:
SF:src\components\caixa-misteriosa\shared\ErrorDisplay.jsx
FN:4,(anonymous_0)
FNF:1
FNH:0
FNDA:0,(anonymous_0)
DA:4,0
DA:5,0
DA:19,0
LF:3
LH:0
BRDA:4,0,0,0
BRF:1
BRH:0
end_of_record
TN:
SF:src\components\caixa-misteriosa\shared\LoadingSpinner.jsx
FN:5,(anonymous_0)
FNF:1
FNH:0
FNDA:0,(anonymous_0)
DA:5,0
DA:6,0
DA:15,0
DA:25,0
LF:4
LH:0
BRDA:5,0,0,0
BRF:1
BRH:0
end_of_record
TN:
SF:src\contexts\AuthContext.jsx
FN:9,(anonymous_0)
FN:17,(anonymous_1)
FN:25,(anonymous_2)
FN:29,(anonymous_3)
FN:53,(anonymous_4)
FN:69,(anonymous_5)
FN:83,(anonymous_6)
FN:87,(anonymous_7)
FN:91,(anonymous_8)
FN:95,(anonymous_9)
FN:99,(anonymous_10)
FN:103,(anonymous_11)
FN:107,(anonymous_12)
FN:111,(anonymous_13)
FN:115,(anonymous_14)
FN:119,(anonymous_15)
FN:123,(anonymous_16)
FN:127,(anonymous_17)
FN:131,(anonymous_18)
FN:135,(anonymous_19)
FN:139,(anonymous_20)
FN:143,(anonymous_21)
FN:148,(anonymous_22)
FN:152,(anonymous_23)
FN:153,(anonymous_24)
FN:154,(anonymous_25)
FN:155,(anonymous_26)
FN:156,(anonymous_27)
FN:157,(anonymous_28)
FN:158,(anonymous_29)
FN:159,(anonymous_30)
FNF:31
FNH:9
FNDA:153,(anonymous_0)
FNDA:59,(anonymous_1)
FNDA:16,(anonymous_2)
FNDA:16,(anonymous_3)
FNDA:1,(anonymous_4)
FNDA:16,(anonymous_5)
FNDA:16,(anonymous_6)
FNDA:4,(anonymous_7)
FNDA:16,(anonymous_8)
FNDA:0,(anonymous_9)
FNDA:0,(anonymous_10)
FNDA:0,(anonymous_11)
FNDA:0,(anonymous_12)
FNDA:0,(anonymous_13)
FNDA:0,(anonymous_14)
FNDA:0,(anonymous_15)
FNDA:0,(anonymous_16)
FNDA:0,(anonymous_17)
FNDA:0,(anonymous_18)
FNDA:0,(anonymous_19)
FNDA:0,(anonymous_20)
FNDA:0,(anonymous_21)
FNDA:0,(anonymous_22)
FNDA:0,(anonymous_23)
FNDA:0,(anonymous_24)
FNDA:0,(anonymous_25)
FNDA:0,(anonymous_26)
FNDA:0,(anonymous_27)
FNDA:0,(anonymous_28)
FNDA:0,(anonymous_29)
FNDA:0,(anonymous_30)
DA:7,5
DA:9,5
DA:10,153
DA:11,149
DA:12,64
DA:14,85
DA:17,5
DA:18,59
DA:19,59
DA:20,59
DA:25,59
DA:26,16
DA:29,59
DA:30,16
DA:31,16
DA:33,16
DA:34,16
DA:35,16
DA:38,0
DA:39,0
DA:40,0
DA:41,0
DA:43,0
DA:46,0
DA:47,0
DA:49,16
DA:53,59
DA:54,1
DA:55,1
DA:56,1
DA:57,1
DA:58,1
DA:61,1
DA:62,1
DA:64,0
DA:65,0
DA:69,59
DA:71,16
DA:72,0
DA:73,0
DA:76,16
DA:77,16
DA:78,16
DA:79,16
DA:83,59
DA:84,16
DA:87,59
DA:88,4
DA:91,59
DA:92,16
DA:95,59
DA:96,0
DA:99,59
DA:100,0
DA:103,59
DA:104,0
DA:107,59
DA:108,0
DA:111,59
DA:112,0
DA:115,59
DA:116,0
DA:119,59
DA:120,0
DA:123,59
DA:124,0
DA:127,59
DA:128,0
DA:131,59
DA:132,0
DA:135,59
DA:136,0
DA:139,59
DA:140,0
DA:143,59
DA:144,0
DA:148,59
DA:149,0
DA:151,0
DA:152,0
DA:153,0
DA:154,0
DA:155,0
DA:156,0
DA:157,0
DA:158,0
DA:159,0
DA:162,0
DA:163,0
DA:166,59
DA:204,59
LF:91
LH:55
BRDA:11,0,0,64
BRDA:11,0,1,85
BRDA:33,1,0,16
BRDA:33,1,1,0
BRDA:33,2,0,16
BRDA:33,2,1,0
BRDA:39,3,0,0
BRDA:39,3,1,0
BRDA:71,4,0,0
BRDA:71,4,1,16
BRDA:84,5,0,16
BRDA:84,5,1,0
BRDA:88,6,0,4
BRDA:88,6,1,0
BRDA:149,7,0,0
BRDA:149,7,1,0
BRDA:163,8,0,0
BRDA:163,8,1,0
BRDA:199,9,0,59
BRDA:199,9,1,59
BRDA:200,10,0,59
BRDA:200,10,1,59
BRDA:200,10,2,59
BRDA:201,11,0,59
BRDA:201,11,1,59
BRF:25
BRH:14
end_of_record
TN:
SF:src\contexts\LayoutContext.js
FN:7,(anonymous_0)
FN:10,(anonymous_1)
FN:11,(anonymous_2)
FN:27,(anonymous_3)
FNF:4
FNH:1
FNDA:0,(anonymous_0)
FNDA:0,(anonymous_1)
FNDA:0,(anonymous_2)
FNDA:209,(anonymous_3)
DA:4,2
DA:7,2
DA:8,0
DA:10,0
DA:11,0
DA:14,0
DA:19,0
DA:27,2
DA:28,209
DA:29,208
DA:30,208
DA:32,0
LF:12
LH:6
BRDA:29,0,0,208
BRDA:29,0,1,0
BRF:2
BRH:1
end_of_record
TN:
SF:src\contexts\ThemeContext.jsx
FN:6,(anonymous_0)
FN:14,(anonymous_1)
FN:15,(anonymous_2)
FN:102,(anonymous_3)
FN:107,(anonymous_4)
FN:128,(anonymous_5)
FN:132,(anonymous_6)
FNF:7
FNH:7
FNDA:21,(anonymous_0)
FNDA:21,(anonymous_1)
FNDA:16,(anonymous_2)
FNDA:21,(anonymous_3)
FNDA:37,(anonymous_4)
FNDA:16,(anonymous_5)
FNDA:6,(anonymous_6)
DA:4,3
DA:6,3
DA:7,21
DA:8,21
DA:9,1
DA:11,20
DA:14,3
DA:15,21
DA:16,16
DA:19,21
DA:102,21
DA:103,21
DA:104,21
DA:107,21
DA:108,37
DA:111,37
DA:112,37
DA:113,37
DA:114,37
DA:115,37
DA:116,37
DA:117,37
DA:118,37
DA:119,37
DA:120,37
DA:121,37
DA:122,37
DA:123,37
DA:128,21
DA:129,16
DA:132,21
DA:133,6
DA:134,5
DA:138,21
DA:145,21
LF:35
LH:35
BRDA:8,0,0,1
BRDA:8,0,1,20
BRDA:16,1,0,16
BRDA:16,1,1,1
BRDA:133,2,0,5
BRDA:133,2,1,1
BRF:6
BRH:6
end_of_record
TN:
SF:src\contexts\ToastContext.js
FN:6,(anonymous_0)
FN:14,(anonymous_1)
FN:17,(anonymous_2)
FN:21,(anonymous_3)
FN:24,(anonymous_4)
FN:29,(anonymous_5)
FN:30,(anonymous_6)
FN:30,(anonymous_7)
FN:37,(anonymous_8)
FN:42,(anonymous_9)
FNF:10
FNH:10
FNDA:37,(anonymous_0)
FNDA:50,(anonymous_1)
FNDA:17,(anonymous_2)
FNDA:17,(anonymous_3)
FNDA:17,(anonymous_4)
FNDA:19,(anonymous_5)
FNDA:6,(anonymous_6)
FNDA:7,(anonymous_7)
FNDA:22,(anonymous_8)
FNDA:2,(anonymous_9)
DA:4,3
DA:6,3
DA:7,37
DA:8,37
DA:9,1
DA:11,36
DA:14,3
DA:15,50
DA:17,50
DA:18,17
DA:19,17
DA:21,17
DA:24,17
DA:25,17
DA:29,50
DA:30,19
DA:33,50
DA:38,22
DA:42,2
LF:19
LH:19
BRDA:8,0,0,1
BRDA:8,0,1,36
BRDA:17,1,0,1
BRF:3
BRH:3
end_of_record
TN:
SF:src\hooks\useCaixaMisteriosa.js
FN:9,useCaixaMisteriosa
FN:11,(anonymous_1)
FN:18,(anonymous_2)
FN:27,(anonymous_3)
FN:72,(anonymous_4)
FN:90,(anonymous_5)
FN:110,(anonymous_6)
FN:113,(anonymous_7)
FN:124,(anonymous_8)
FN:132,(anonymous_9)
FN:136,(anonymous_10)
FN:145,(anonymous_11)
FN:154,(anonymous_12)
FN:163,(anonymous_13)
FN:172,(anonymous_14)
FN:182,(anonymous_15)
FN:190,(anonymous_16)
FN:195,(anonymous_17)
FN:200,(anonymous_18)
FN:205,(anonymous_19)
FN:218,(anonymous_20)
FN:219,(anonymous_21)
FNF:22
FNH:0
FNDA:0,useCaixaMisteriosa
FNDA:0,(anonymous_1)
FNDA:0,(anonymous_2)
FNDA:0,(anonymous_3)
FNDA:0,(anonymous_4)
FNDA:0,(anonymous_5)
FNDA:0,(anonymous_6)
FNDA:0,(anonymous_7)
FNDA:0,(anonymous_8)
FNDA:0,(anonymous_9)
FNDA:0,(anonymous_10)
FNDA:0,(anonymous_11)
FNDA:0,(anonymous_12)
FNDA:0,(anonymous_13)
FNDA:0,(anonymous_14)
FNDA:0,(anonymous_15)
FNDA:0,(anonymous_16)
FNDA:0,(anonymous_17)
FNDA:0,(anonymous_18)
FNDA:0,(anonymous_19)
FNDA:0,(anonymous_20)
FNDA:0,(anonymous_21)
DA:7,0
DA:11,0
DA:12,0
DA:13,0
DA:15,0
DA:18,0
DA:19,0
DA:20,0
DA:26,0
DA:27,0
DA:29,0
DA:32,0
DA:33,0
DA:34,0
DA:35,0
DA:36,0
DA:37,0
DA:39,0
DA:42,0
DA:45,0
DA:46,0
DA:48,0
DA:49,0
DA:50,0
DA:54,0
DA:55,0
DA:57,0
DA:60,0
DA:61,0
DA:66,0
DA:72,0
DA:73,0
DA:74,0
DA:75,0
DA:76,0
DA:77,0
DA:79,0
DA:80,0
DA:81,0
DA:84,0
DA:85,0
DA:86,0
DA:90,0
DA:91,0
DA:92,0
DA:93,0
DA:94,0
DA:95,0
DA:96,0
DA:98,0
DA:99,0
DA:100,0
DA:103,0
DA:104,0
DA:105,0
DA:110,0
DA:111,0
DA:113,0
DA:114,0
DA:115,0
DA:118,0
DA:119,0
DA:120,0
DA:121,0
DA:124,0
DA:125,0
DA:126,0
DA:132,0
DA:133,0
DA:136,0
DA:137,0
DA:138,0
DA:139,0
DA:140,0
DA:142,0
DA:145,0
DA:146,0
DA:147,0
DA:148,0
DA:149,0
DA:151,0
DA:154,0
DA:155,0
DA:156,0
DA:157,0
DA:158,0
DA:160,0
DA:163,0
DA:164,0
DA:165,0
DA:166,0
DA:167,0
DA:169,0
DA:172,0
DA:173,0
DA:174,0
DA:175,0
DA:176,0
DA:177,0
DA:179,0
DA:182,0
DA:183,0
DA:184,0
DA:185,0
DA:187,0
DA:190,0
DA:191,0
DA:192,0
DA:195,0
DA:196,0
DA:197,0
DA:200,0
DA:201,0
DA:202,0
DA:205,0
DA:206,0
DA:207,0
DA:210,0
DA:218,0
DA:219,0
LF:120
LH:0
BRDA:15,0,0,0
BRDA:15,0,1,0
BRDA:18,1,0,0
BRDA:32,2,0,0
BRDA:32,2,1,0
BRDA:34,3,0,0
BRDA:34,3,1,0
BRDA:35,4,0,0
BRDA:35,4,1,0
BRDA:48,5,0,0
BRDA:48,5,1,0
BRDA:50,6,0,0
BRDA:50,6,1,0
BRDA:54,7,0,0
BRDA:54,7,1,0
BRDA:75,8,0,0
BRDA:75,8,1,0
BRDA:75,9,0,0
BRDA:75,9,1,0
BRDA:91,10,0,0
BRDA:91,10,1,0
BRDA:94,11,0,0
BRDA:94,11,1,0
BRDA:94,12,0,0
BRDA:94,12,1,0
BRDA:118,13,0,0
BRDA:118,13,1,0
BRDA:138,14,0,0
BRDA:138,14,1,0
BRDA:147,15,0,0
BRDA:147,15,1,0
BRDA:156,16,0,0
BRDA:156,16,1,0
BRDA:165,17,0,0
BRDA:165,17,1,0
BRDA:174,18,0,0
BRDA:174,18,1,0
BRDA:182,19,0,0
BRDA:184,20,0,0
BRDA:184,20,1,0
BRF:40
BRH:0
end_of_record
TN:
SF:src\hooks\usePreloader.js
FN:7,(anonymous_0)
FN:8,(anonymous_1)
FN:9,(anonymous_2)
FN:10,(anonymous_3)
FN:11,(anonymous_4)
FN:14,(anonymous_5)
FN:15,(anonymous_6)
FN:16,(anonymous_7)
FN:17,(anonymous_8)
FN:20,(anonymous_9)
FN:21,(anonymous_10)
FN:22,(anonymous_11)
FN:25,(anonymous_12)
FN:26,(anonymous_13)
FN:27,(anonymous_14)
FN:32,(anonymous_15)
FN:45,(anonymous_16)
FN:50,(anonymous_17)
FN:68,(anonymous_18)
FN:83,(anonymous_19)
FN:95,(anonymous_20)
FN:99,(anonymous_21)
FN:103,(anonymous_22)
FN:104,(anonymous_23)
FN:116,(anonymous_24)
FN:125,(anonymous_25)
FN:128,(anonymous_26)
FN:130,(anonymous_27)
FNF:28
FNH:0
FNDA:0,(anonymous_0)
FNDA:0,(anonymous_1)
FNDA:0,(anonymous_2)
FNDA:0,(anonymous_3)
FNDA:0,(anonymous_4)
FNDA:0,(anonymous_5)
FNDA:0,(anonymous_6)
FNDA:0,(anonymous_7)
FNDA:0,(anonymous_8)
FNDA:0,(anonymous_9)
FNDA:0,(anonymous_10)
FNDA:0,(anonymous_11)
FNDA:0,(anonymous_12)
FNDA:0,(anonymous_13)
FNDA:0,(anonymous_14)
FNDA:0,(anonymous_15)
FNDA:0,(anonymous_16)
FNDA:0,(anonymous_17)
FNDA:0,(anonymous_18)
FNDA:0,(anonymous_19)
FNDA:0,(anonymous_20)
FNDA:0,(anonymous_21)
FNDA:0,(anonymous_22)
FNDA:0,(anonymous_23)
FNDA:0,(anonymous_24)
FNDA:0,(anonymous_25)
FNDA:0,(anonymous_26)
FNDA:0,(anonymous_27)
DA:5,0
DA:7,0
DA:8,0
DA:9,0
DA:10,0
DA:11,0
DA:14,0
DA:15,0
DA:16,0
DA:17,0
DA:20,0
DA:21,0
DA:22,0
DA:25,0
DA:26,0
DA:27,0
DA:32,0
DA:34,0
DA:41,0
DA:45,0
DA:46,0
DA:47,0
DA:48,0
DA:50,0
DA:51,0
DA:53,0
DA:54,0
DA:56,0
DA:57,0
DA:58,0
DA:59,0
DA:61,0
DA:62,0
DA:64,0
DA:68,0
DA:69,0
DA:70,0
DA:74,0
DA:83,0
DA:84,0
DA:86,0
DA:91,0
DA:95,0
DA:96,0
DA:97,0
DA:99,0
DA:100,0
DA:102,0
DA:104,0
DA:105,0
DA:106,0
DA:107,0
DA:114,0
DA:116,0
DA:117,0
DA:121,0
DA:125,0
DA:126,0
DA:128,0
DA:129,0
DA:130,0
LF:61
LH:0
BRDA:45,0,0,0
BRDA:51,1,0,0
BRDA:51,1,1,0
BRDA:51,2,0,0
BRDA:51,2,1,0
BRDA:69,3,0,0
BRDA:69,3,1,0
BRDA:95,4,0,0
BRDA:100,5,0,0
BRDA:100,5,1,0
BRDA:100,6,0,0
BRDA:100,6,1,0
BRDA:105,7,0,0
BRDA:105,7,1,0
BRDA:117,8,0,0
BRDA:117,8,1,0
BRDA:125,9,0,0
BRF:17
BRH:0
end_of_record
TN:
SF:src\pages\AdminDashboardPage.jsx
FN:32,(anonymous_0)
FN:77,(anonymous_1)
FN:103,(anonymous_2)
FN:112,(anonymous_3)
FN:118,(anonymous_4)
FN:124,(anonymous_5)
FN:131,(anonymous_6)
FN:137,(anonymous_7)
FN:148,(anonymous_8)
FN:150,(anonymous_9)
FN:156,(anonymous_10)
FN:167,(anonymous_11)
FN:232,(anonymous_12)
FN:236,(anonymous_13)
FN:262,(anonymous_14)
FN:264,(anonymous_15)
FN:296,(anonymous_16)
FN:300,(anonymous_17)
FN:331,(anonymous_18)
FN:336,(anonymous_19)
FN:420,(anonymous_20)
FN:431,(anonymous_21)
FN:485,(anonymous_22)
FN:497,(anonymous_23)
FN:509,(anonymous_24)
FN:536,(anonymous_25)
FN:560,(anonymous_26)
FN:564,(anonymous_27)
FN:584,(anonymous_28)
FN:587,(anonymous_29)
FN:602,(anonymous_30)
FN:626,(anonymous_31)
FN:630,(anonymous_32)
FNF:33
FNH:0
FNDA:0,(anonymous_0)
FNDA:0,(anonymous_1)
FNDA:0,(anonymous_2)
FNDA:0,(anonymous_3)
FNDA:0,(anonymous_4)
FNDA:0,(anonymous_5)
FNDA:0,(anonymous_6)
FNDA:0,(anonymous_7)
FNDA:0,(anonymous_8)
FNDA:0,(anonymous_9)
FNDA:0,(anonymous_10)
FNDA:0,(anonymous_11)
FNDA:0,(anonymous_12)
FNDA:0,(anonymous_13)
FNDA:0,(anonymous_14)
FNDA:0,(anonymous_15)
FNDA:0,(anonymous_16)
FNDA:0,(anonymous_17)
FNDA:0,(anonymous_18)
FNDA:0,(anonymous_19)
FNDA:0,(anonymous_20)
FNDA:0,(anonymous_21)
FNDA:0,(anonymous_22)
FNDA:0,(anonymous_23)
FNDA:0,(anonymous_24)
FNDA:0,(anonymous_25)
FNDA:0,(anonymous_26)
FNDA:0,(anonymous_27)
FNDA:0,(anonymous_28)
FNDA:0,(anonymous_29)
FNDA:0,(anonymous_30)
FNDA:0,(anonymous_31)
FNDA:0,(anonymous_32)
DA:22,1
DA:32,1
DA:33,0
DA:34,0
DA:36,0
DA:37,0
DA:38,0
DA:39,0
DA:40,0
DA:43,0
DA:44,0
DA:45,0
DA:46,0
DA:49,0
DA:78,0
DA:79,0
DA:86,0
DA:103,0
DA:104,0
DA:107,0
DA:108,0
DA:112,0
DA:113,0
DA:114,0
DA:118,0
DA:119,0
DA:124,0
DA:125,0
DA:126,0
DA:131,0
DA:132,0
DA:133,0
DA:137,0
DA:138,0
DA:139,0
DA:143,0
DA:144,0
DA:145,0
DA:146,0
DA:147,0
DA:148,0
DA:150,0
DA:156,0
DA:163,0
DA:167,0
DA:168,0
DA:169,0
DA:172,0
DA:188,0
DA:189,0
DA:190,0
DA:191,0
DA:192,0
DA:194,0
DA:195,0
DA:196,0
DA:201,0
DA:210,0
DA:211,0
DA:212,0
DA:213,0
DA:218,0
DA:227,0
DA:228,0
DA:229,0
DA:230,0
DA:231,0
DA:233,0
DA:236,0
DA:242,0
DA:247,0
DA:256,0
DA:257,0
DA:258,0
DA:259,0
DA:260,0
DA:261,0
DA:262,0
DA:264,0
DA:270,0
DA:277,0
DA:286,0
DA:287,0
DA:291,0
DA:292,0
DA:293,0
DA:294,0
DA:295,0
DA:297,0
DA:300,0
DA:308,0
DA:312,0
DA:321,0
DA:322,0
DA:326,0
DA:327,0
DA:328,0
DA:329,0
DA:330,0
DA:332,0
DA:333,0
DA:336,0
DA:344,0
DA:347,0
DA:355,0
DA:356,0
DA:357,0
DA:359,0
DA:363,0
DA:364,0
DA:366,0
DA:371,0
DA:372,0
DA:388,0
DA:389,0
DA:390,0
DA:392,0
DA:420,0
DA:432,0
DA:473,0
DA:485,0
DA:497,0
DA:509,0
DA:537,0
DA:538,0
DA:561,0
DA:562,0
DA:565,0
DA:566,0
DA:584,0
DA:588,0
DA:603,0
DA:604,0
DA:627,0
DA:628,0
DA:631,0
DA:632,0
LF:137
LH:2
BRDA:46,0,0,0
BRDA:46,0,1,0
BRDA:79,1,0,0
BRDA:79,1,1,0
BRDA:107,2,0,0
BRDA:107,2,1,0
BRDA:107,3,0,0
BRDA:107,3,1,0
BRDA:125,4,0,0
BRDA:125,4,1,0
BRDA:125,5,0,0
BRDA:125,5,1,0
BRDA:132,6,0,0
BRDA:132,6,1,0
BRDA:143,7,0,0
BRDA:143,7,1,0
BRDA:145,8,0,0
BRDA:145,8,1,0
BRDA:145,9,0,0
BRDA:145,9,1,0
BRDA:188,10,0,0
BRDA:188,10,1,0
BRDA:188,11,0,0
BRDA:188,11,1,0
BRDA:192,12,0,0
BRDA:192,12,1,0
BRDA:194,13,0,0
BRDA:194,13,1,0
BRDA:197,14,0,0
BRDA:197,14,1,0
BRDA:198,15,0,0
BRDA:198,15,1,0
BRDA:199,16,0,0
BRDA:199,16,1,0
BRDA:210,17,0,0
BRDA:210,17,1,0
BRDA:210,18,0,0
BRDA:210,18,1,0
BRDA:212,19,0,0
BRDA:212,19,1,0
BRDA:212,20,0,0
BRDA:212,20,1,0
BRDA:227,21,0,0
BRDA:227,21,1,0
BRDA:227,22,0,0
BRDA:227,22,1,0
BRDA:230,23,0,0
BRDA:230,23,1,0
BRDA:230,24,0,0
BRDA:230,24,1,0
BRDA:230,24,2,0
BRDA:233,25,0,0
BRDA:233,25,1,0
BRDA:256,26,0,0
BRDA:256,26,1,0
BRDA:256,27,0,0
BRDA:256,27,1,0
BRDA:259,28,0,0
BRDA:259,28,1,0
BRDA:259,29,0,0
BRDA:259,29,1,0
BRDA:259,29,2,0
BRDA:291,30,0,0
BRDA:291,30,1,0
BRDA:294,31,0,0
BRDA:294,31,1,0
BRDA:294,32,0,0
BRDA:294,32,1,0
BRDA:294,32,2,0
BRDA:297,33,0,0
BRDA:297,33,1,0
BRDA:326,34,0,0
BRDA:326,34,1,0
BRDA:329,35,0,0
BRDA:329,35,1,0
BRDA:329,36,0,0
BRDA:329,36,1,0
BRDA:329,36,2,0
BRDA:371,37,0,0
BRDA:371,37,1,0
BRDA:374,38,0,0
BRDA:374,38,1,0
BRDA:380,39,0,0
BRDA:380,39,1,0
BRDA:388,40,0,0
BRDA:388,40,1,0
BRDA:388,41,0,0
BRDA:388,41,1,0
BRDA:389,42,0,0
BRDA:389,42,1,0
BRDA:390,43,0,0
BRDA:390,43,1,0
BRDA:413,44,0,0
BRDA:413,44,1,0
BRDA:413,44,2,0
BRDA:440,45,0,0
BRDA:440,45,1,0
BRDA:442,46,0,0
BRDA:442,46,1,0
BRDA:449,47,0,0
BRDA:449,47,1,0
BRDA:450,48,0,0
BRDA:450,48,1,0
BRDA:489,49,0,0
BRDA:489,49,1,0
BRDA:501,50,0,0
BRDA:501,50,1,0
BRDA:513,51,0,0
BRDA:513,51,1,0
BRDA:528,52,0,0
BRDA:528,52,1,0
BRDA:594,53,0,0
BRDA:594,53,1,0
BRDA:651,54,0,0
BRDA:651,54,1,0
BRDA:667,55,0,0
BRDA:667,55,1,0
BRF:117
BRH:0
end_of_record
TN:
SF:src\pages\AuditLogsPage.jsx
FN:10,(anonymous_0)
FN:54,(anonymous_1)
FN:58,(anonymous_2)
FN:106,(anonymous_3)
FN:107,(anonymous_4)
FN:114,(anonymous_5)
FN:123,(anonymous_6)
FN:145,(anonymous_7)
FN:149,(anonymous_8)
FN:164,(anonymous_9)
FN:179,(anonymous_10)
FN:193,(anonymous_11)
FN:214,(anonymous_12)
FN:228,(anonymous_13)
FN:323,(anonymous_14)
FN:341,(anonymous_15)
FN:356,(anonymous_16)
FN:365,(anonymous_17)
FN:373,(anonymous_18)
FN:384,(anonymous_19)
FN:422,(anonymous_20)
FN:461,(anonymous_21)
FN:512,(anonymous_22)
FN:524,(anonymous_23)
FNF:24
FNH:0
FNDA:0,(anonymous_0)
FNDA:0,(anonymous_1)
FNDA:0,(anonymous_2)
FNDA:0,(anonymous_3)
FNDA:0,(anonymous_4)
FNDA:0,(anonymous_5)
FNDA:0,(anonymous_6)
FNDA:0,(anonymous_7)
FNDA:0,(anonymous_8)
FNDA:0,(anonymous_9)
FNDA:0,(anonymous_10)
FNDA:0,(anonymous_11)
FNDA:0,(anonymous_12)
FNDA:0,(anonymous_13)
FNDA:0,(anonymous_14)
FNDA:0,(anonymous_15)
FNDA:0,(anonymous_16)
FNDA:0,(anonymous_17)
FNDA:0,(anonymous_18)
FNDA:0,(anonymous_19)
FNDA:0,(anonymous_20)
FNDA:0,(anonymous_21)
FNDA:0,(anonymous_22)
FNDA:0,(anonymous_23)
DA:10,0
DA:11,0
DA:12,0
DA:14,0
DA:15,0
DA:16,0
DA:17,0
DA:25,0
DA:54,0
DA:55,0
DA:58,0
DA:59,0
DA:60,0
DA:63,0
DA:64,0
DA:65,0
DA:67,0
DA:68,0
DA:69,0
DA:70,0
DA:71,0
DA:72,0
DA:74,0
DA:75,0
DA:78,0
DA:87,0
DA:88,0
DA:89,0
DA:90,0
DA:93,0
DA:94,0
DA:95,0
DA:99,0
DA:100,0
DA:102,0
DA:106,0
DA:107,0
DA:114,0
DA:115,0
DA:116,0
DA:117,0
DA:119,0
DA:123,0
DA:124,0
DA:133,0
DA:134,0
DA:135,0
DA:136,0
DA:137,0
DA:138,0
DA:140,0
DA:145,0
DA:146,0
DA:149,0
DA:150,0
DA:161,0
DA:164,0
DA:165,0
DA:176,0
DA:179,0
DA:181,0
DA:182,0
DA:185,0
DA:186,0
DA:187,0
DA:189,0
DA:192,0
DA:193,0
DA:194,0
DA:195,0
DA:196,0
DA:198,0
DA:200,0
DA:201,0
DA:203,0
DA:213,0
DA:214,0
DA:215,0
DA:216,0
DA:217,0
DA:227,0
DA:228,0
DA:229,0
DA:230,0
DA:231,0
DA:240,0
DA:247,0
DA:248,0
DA:252,0
DA:253,0
DA:266,0
DA:323,0
DA:341,0
DA:356,0
DA:365,0
DA:373,0
DA:384,0
DA:423,0
DA:462,0
DA:463,0
DA:467,0
DA:468,0
DA:469,0
DA:472,0
DA:473,0
DA:474,0
DA:475,0
DA:476,0
DA:477,0
DA:478,0
DA:481,0
DA:482,0
DA:512,0
DA:524,0
LF:114
LH:0
BRDA:67,0,0,0
BRDA:67,0,1,0
BRDA:68,1,0,0
BRDA:68,1,1,0
BRDA:69,2,0,0
BRDA:69,2,1,0
BRDA:70,3,0,0
BRDA:70,3,1,0
BRDA:71,4,0,0
BRDA:71,4,1,0
BRDA:72,5,0,0
BRDA:72,5,1,0
BRDA:87,6,0,0
BRDA:87,6,1,0
BRDA:87,7,0,0
BRDA:87,7,1,0
BRDA:89,8,0,0
BRDA:89,8,1,0
BRDA:90,9,0,0
BRDA:90,9,1,0
BRDA:93,10,0,0
BRDA:93,10,1,0
BRDA:93,11,0,0
BRDA:93,11,1,0
BRDA:133,12,0,0
BRDA:133,12,1,0
BRDA:136,13,0,0
BRDA:136,13,1,0
BRDA:161,14,0,0
BRDA:161,14,1,0
BRDA:176,15,0,0
BRDA:176,15,1,0
BRDA:181,16,0,0
BRDA:181,16,1,0
BRDA:181,17,0,0
BRDA:181,17,1,0
BRDA:186,18,0,0
BRDA:186,18,1,0
BRDA:186,19,0,0
BRDA:186,19,1,0
BRDA:187,20,0,0
BRDA:187,20,1,0
BRDA:187,21,0,0
BRDA:187,21,1,0
BRDA:192,22,0,0
BRDA:192,22,1,0
BRDA:192,23,0,0
BRDA:192,23,1,0
BRDA:192,23,2,0
BRDA:192,23,3,0
BRDA:198,24,0,0
BRDA:198,24,1,0
BRDA:200,25,0,0
BRDA:200,25,1,0
BRDA:200,26,0,0
BRDA:200,26,1,0
BRDA:201,27,0,0
BRDA:201,27,1,0
BRDA:201,28,0,0
BRDA:201,28,1,0
BRDA:213,29,0,0
BRDA:213,29,1,0
BRDA:213,30,0,0
BRDA:213,30,1,0
BRDA:215,31,0,0
BRDA:215,31,1,0
BRDA:215,32,0,0
BRDA:215,32,1,0
BRDA:216,33,0,0
BRDA:216,33,1,0
BRDA:216,34,0,0
BRDA:216,34,1,0
BRDA:227,35,0,0
BRDA:227,35,1,0
BRDA:227,36,0,0
BRDA:227,36,1,0
BRDA:229,37,0,0
BRDA:229,37,1,0
BRDA:230,38,0,0
BRDA:230,38,1,0
BRDA:230,39,0,0
BRDA:230,39,1,0
BRDA:240,40,0,0
BRDA:240,40,1,0
BRDA:252,41,0,0
BRDA:252,41,1,0
BRDA:275,42,0,0
BRDA:275,42,1,0
BRDA:282,43,0,0
BRDA:282,43,1,0
BRDA:291,44,0,0
BRDA:291,44,1,0
BRDA:300,45,0,0
BRDA:300,45,1,0
BRDA:309,46,0,0
BRDA:309,46,1,0
BRDA:421,47,0,0
BRDA:421,47,1,0
BRDA:428,48,0,0
BRDA:428,48,1,0
BRDA:428,48,2,0
BRDA:439,49,0,0
BRDA:439,49,1,0
BRDA:445,50,0,0
BRDA:445,50,1,0
BRDA:448,51,0,0
BRDA:448,51,1,0
BRDA:453,52,0,0
BRDA:453,52,1,0
BRDA:458,53,0,0
BRDA:458,53,1,0
BRDA:463,54,0,0
BRDA:463,54,1,0
BRDA:467,55,0,0
BRDA:467,55,1,0
BRDA:467,56,0,0
BRDA:467,56,1,0
BRDA:512,57,0,0
BRDA:512,57,1,0
BRDA:518,58,0,0
BRDA:518,58,1,0
BRF:121
BRH:0
end_of_record
TN:
SF:src\pages\CaixaMisteriosaPage.jsx
FN:15,(anonymous_0)
FNF:1
FNH:0
FNDA:0,(anonymous_0)
DA:15,0
DA:16,0
DA:17,0
DA:20,0
DA:23,0
DA:26,0
DA:27,0
DA:31,0
DA:32,0
DA:36,0
DA:40,0
DA:44,0
DA:45,0
DA:46,0
DA:49,0
DA:50,0
DA:55,0
DA:64,0
DA:65,0
DA:69,0
LF:20
LH:0
BRDA:23,0,0,0
BRDA:23,0,1,0
BRDA:26,1,0,0
BRDA:26,1,1,0
BRDA:31,2,0,0
BRDA:31,2,1,0
BRDA:36,3,0,0
BRDA:36,3,1,0
BRDA:44,4,0,0
BRDA:44,4,1,0
BRDA:49,5,0,0
BRDA:49,5,1,0
BRDA:49,6,0,0
BRDA:49,6,1,0
BRDA:49,6,2,0
BRDA:49,6,3,0
BRDA:64,7,0,0
BRDA:64,7,1,0
BRDA:64,8,0,0
BRDA:64,8,1,0
BRDA:64,8,2,0
BRF:21
BRH:0
end_of_record
TN:
SF:src\pages\CaixaMisteriosaPub.jsx
FN:5,(anonymous_0)
FN:37,(anonymous_1)
FN:42,(anonymous_2)
FN:45,(anonymous_3)
FN:49,(anonymous_4)
FN:53,(anonymous_5)
FN:74,(anonymous_6)
FN:75,(anonymous_7)
FN:79,(anonymous_8)
FN:90,(anonymous_9)
FN:97,(anonymous_10)
FN:103,(anonymous_11)
FN:104,(anonymous_12)
FN:108,(anonymous_13)
FN:113,(anonymous_14)
FN:117,(anonymous_15)
FN:139,(anonymous_16)
FN:166,(anonymous_17)
FN:188,(anonymous_18)
FN:206,(anonymous_19)
FN:274,(anonymous_20)
FN:356,(anonymous_21)
FN:378,(anonymous_22)
FN:381,(anonymous_23)
FN:385,(anonymous_24)
FN:460,(anonymous_25)
FN:513,(anonymous_26)
FN:540,(anonymous_27)
FN:561,(anonymous_28)
FN:585,(anonymous_29)
FN:586,(anonymous_30)
FN:588,(anonymous_31)
FN:773,(anonymous_32)
FN:814,(anonymous_33)
FN:841,(anonymous_34)
FN:1031,(anonymous_35)
FN:1135,(anonymous_36)
FN:1220,(anonymous_37)
FN:1283,(anonymous_38)
FN:1353,(anonymous_39)
FNF:40
FNH:0
FNDA:0,(anonymous_0)
FNDA:0,(anonymous_1)
FNDA:0,(anonymous_2)
FNDA:0,(anonymous_3)
FNDA:0,(anonymous_4)
FNDA:0,(anonymous_5)
FNDA:0,(anonymous_6)
FNDA:0,(anonymous_7)
FNDA:0,(anonymous_8)
FNDA:0,(anonymous_9)
FNDA:0,(anonymous_10)
FNDA:0,(anonymous_11)
FNDA:0,(anonymous_12)
FNDA:0,(anonymous_13)
FNDA:0,(anonymous_14)
FNDA:0,(anonymous_15)
FNDA:0,(anonymous_16)
FNDA:0,(anonymous_17)
FNDA:0,(anonymous_18)
FNDA:0,(anonymous_19)
FNDA:0,(anonymous_20)
FNDA:0,(anonymous_21)
FNDA:0,(anonymous_22)
FNDA:0,(anonymous_23)
FNDA:0,(anonymous_24)
FNDA:0,(anonymous_25)
FNDA:0,(anonymous_26)
FNDA:0,(anonymous_27)
FNDA:0,(anonymous_28)
FNDA:0,(anonymous_29)
FNDA:0,(anonymous_30)
FNDA:0,(anonymous_31)
FNDA:0,(anonymous_32)
FNDA:0,(anonymous_33)
FNDA:0,(anonymous_34)
FNDA:0,(anonymous_35)
FNDA:0,(anonymous_36)
FNDA:0,(anonymous_37)
FNDA:0,(anonymous_38)
FNDA:0,(anonymous_39)
DA:5,0
DA:6,0
DA:7,0
DA:8,0
DA:9,0
DA:11,0
DA:20,0
DA:21,0
DA:22,0
DA:23,0
DA:24,0
DA:25,0
DA:26,0
DA:27,0
DA:28,0
DA:29,0
DA:30,0
DA:31,0
DA:32,0
DA:33,0
DA:34,0
DA:37,0
DA:38,0
DA:42,0
DA:43,0
DA:45,0
DA:46,0
DA:49,0
DA:53,0
DA:54,0
DA:59,0
DA:60,0
DA:61,0
DA:62,0
DA:63,0
DA:64,0
DA:67,0
DA:68,0
DA:69,0
DA:72,0
DA:73,0
DA:74,0
DA:76,0
DA:77,0
DA:79,0
DA:80,0
DA:81,0
DA:87,0
DA:90,0
DA:95,0
DA:96,0
DA:97,0
DA:98,0
DA:103,0
DA:104,0
DA:105,0
DA:106,0
DA:107,0
DA:109,0
DA:110,0
DA:111,0
DA:114,0
DA:116,0
DA:117,0
DA:118,0
DA:119,0
DA:129,0
DA:130,0
DA:134,0
DA:139,0
DA:140,0
DA:141,0
DA:145,0
DA:146,0
DA:147,0
DA:150,0
DA:151,0
DA:152,0
DA:153,0
DA:156,0
DA:157,0
DA:158,0
DA:159,0
DA:162,0
DA:166,0
DA:167,0
DA:168,0
DA:170,0
DA:174,0
DA:176,0
DA:177,0
DA:178,0
DA:179,0
DA:182,0
DA:183,0
DA:187,0
DA:188,0
DA:191,0
DA:193,0
DA:194,0
DA:197,0
DA:198,0
DA:200,0
DA:206,0
DA:208,0
DA:209,0
DA:210,0
DA:213,0
DA:221,0
DA:222,0
DA:223,0
DA:226,0
DA:228,0
DA:229,0
DA:231,0
DA:232,0
DA:233,0
DA:234,0
DA:235,0
DA:237,0
DA:241,0
DA:242,0
DA:244,0
DA:245,0
DA:246,0
DA:248,0
DA:249,0
DA:251,0
DA:252,0
DA:253,0
DA:255,0
DA:256,0
DA:258,0
DA:259,0
DA:262,0
DA:264,0
DA:274,0
DA:275,0
DA:276,0
DA:280,0
DA:281,0
DA:285,0
DA:287,0
DA:288,0
DA:289,0
DA:290,0
DA:291,0
DA:292,0
DA:293,0
DA:294,0
DA:295,0
DA:296,0
DA:297,0
DA:300,0
DA:306,0
DA:307,0
DA:308,0
DA:309,0
DA:310,0
DA:316,0
DA:317,0
DA:323,0
DA:324,0
DA:325,0
DA:326,0
DA:327,0
DA:328,0
DA:330,0
DA:331,0
DA:332,0
DA:334,0
DA:335,0
DA:336,0
DA:339,0
DA:340,0
DA:343,0
DA:344,0
DA:348,0
DA:350,0
DA:351,0
DA:352,0
DA:356,0
DA:357,0
DA:360,0
DA:362,0
DA:365,0
DA:366,0
DA:367,0
DA:368,0
DA:369,0
DA:370,0
DA:371,0
DA:377,0
DA:378,0
DA:381,0
DA:385,0
DA:386,0
DA:387,0
DA:389,0
DA:391,0
DA:393,0
DA:395,0
DA:405,0
DA:411,0
DA:417,0
DA:418,0
DA:419,0
DA:421,0
DA:429,0
DA:430,0
DA:433,0
DA:434,0
DA:438,0
DA:439,0
DA:441,0
DA:444,0
DA:446,0
DA:447,0
DA:449,0
DA:450,0
DA:453,0
DA:454,0
DA:456,0
DA:460,0
DA:461,0
DA:462,0
DA:465,0
DA:466,0
DA:469,0
DA:470,0
DA:476,0
DA:477,0
DA:478,0
DA:481,0
DA:482,0
DA:483,0
DA:493,0
DA:495,0
DA:501,0
DA:505,0
DA:506,0
DA:508,0
DA:510,0
DA:513,0
DA:516,0
DA:517,0
DA:519,0
DA:523,0
DA:524,0
DA:526,0
DA:529,0
DA:532,0
DA:533,0
DA:535,0
DA:540,0
DA:541,0
DA:543,0
DA:545,0
DA:546,0
DA:547,0
DA:553,0
DA:554,0
DA:557,0
DA:561,0
DA:562,0
DA:582,0
DA:585,0
DA:586,0
DA:587,0
DA:590,0
DA:591,0
DA:592,0
DA:593,0
DA:594,0
DA:595,0
DA:596,0
DA:601,0
DA:614,0
DA:659,0
DA:660,0
DA:669,0
DA:670,0
DA:686,0
DA:687,0
DA:721,0
DA:722,0
DA:743,0
DA:745,0
DA:747,0
DA:774,0
DA:775,0
DA:776,0
DA:816,0
DA:817,0
DA:842,0
DA:1033,0
DA:1034,0
DA:1035,0
DA:1036,0
DA:1038,0
DA:1068,0
DA:1136,0
DA:1221,0
DA:1222,0
DA:1284,0
DA:1354,0
LF:306
LH:0
BRDA:43,0,0,0
BRDA:43,0,1,0
BRDA:60,1,0,0
BRDA:60,1,1,0
BRDA:62,2,0,0
BRDA:62,2,1,0
BRDA:77,3,0,0
BRDA:77,3,1,0
BRDA:77,4,0,0
BRDA:77,4,1,0
BRDA:96,5,0,0
BRDA:96,5,1,0
BRDA:96,6,0,0
BRDA:96,6,1,0
BRDA:105,7,0,0
BRDA:105,7,1,0
BRDA:105,8,0,0
BRDA:105,8,1,0
BRDA:116,9,0,0
BRDA:116,9,1,0
BRDA:116,10,0,0
BRDA:116,10,1,0
BRDA:129,11,0,0
BRDA:129,11,1,0
BRDA:145,12,0,0
BRDA:145,12,1,0
BRDA:151,13,0,0
BRDA:151,13,1,0
BRDA:156,14,0,0
BRDA:156,14,1,0
BRDA:170,15,0,0
BRDA:170,15,1,0
BRDA:177,16,0,0
BRDA:177,16,1,0
BRDA:182,17,0,0
BRDA:182,17,1,0
BRDA:187,18,0,0
BRDA:187,18,1,0
BRDA:187,19,0,0
BRDA:187,19,1,0
BRDA:194,20,0,0
BRDA:194,20,1,0
BRDA:208,21,0,0
BRDA:208,21,1,0
BRDA:221,22,0,0
BRDA:221,22,1,0
BRDA:231,23,0,0
BRDA:231,23,1,0
BRDA:233,24,0,0
BRDA:233,24,1,0
BRDA:244,25,0,0
BRDA:244,25,1,0
BRDA:251,26,0,0
BRDA:251,26,1,0
BRDA:255,27,0,0
BRDA:255,27,1,0
BRDA:275,28,0,0
BRDA:275,28,1,0
BRDA:280,29,0,0
BRDA:280,29,1,0
BRDA:291,30,0,0
BRDA:291,30,1,0
BRDA:293,31,0,0
BRDA:293,31,1,0
BRDA:323,32,0,0
BRDA:323,32,1,0
BRDA:328,33,0,0
BRDA:328,33,1,0
BRDA:331,34,0,0
BRDA:331,34,1,0
BRDA:334,35,0,0
BRDA:334,35,1,0
BRDA:335,36,0,0
BRDA:335,36,1,0
BRDA:335,37,0,0
BRDA:335,37,1,0
BRDA:360,38,0,0
BRDA:360,38,1,0
BRDA:366,39,0,0
BRDA:366,39,1,0
BRDA:368,40,0,0
BRDA:368,40,1,0
BRDA:370,41,0,0
BRDA:370,41,1,0
BRDA:377,42,0,0
BRDA:377,42,1,0
BRDA:387,43,0,0
BRDA:387,43,1,0
BRDA:387,44,0,0
BRDA:387,44,1,0
BRDA:400,45,0,0
BRDA:400,45,1,0
BRDA:401,46,0,0
BRDA:401,46,1,0
BRDA:402,47,0,0
BRDA:402,47,1,0
BRDA:417,48,0,0
BRDA:417,48,1,0
BRDA:433,49,0,0
BRDA:433,49,1,0
BRDA:444,50,0,0
BRDA:444,50,1,0
BRDA:462,51,0,0
BRDA:462,51,1,0
BRDA:462,52,0,0
BRDA:462,52,1,0
BRDA:462,52,2,0
BRDA:476,53,0,0
BRDA:476,53,1,0
BRDA:508,54,0,0
BRDA:508,54,1,0
BRDA:516,55,0,0
BRDA:516,55,1,0
BRDA:517,56,0,0
BRDA:517,56,1,0
BRDA:517,57,0,0
BRDA:517,57,1,0
BRDA:523,58,0,0
BRDA:523,58,1,0
BRDA:524,59,0,0
BRDA:524,59,1,0
BRDA:524,60,0,0
BRDA:524,60,1,0
BRDA:524,61,0,0
BRDA:524,61,1,0
BRDA:526,62,0,0
BRDA:526,62,1,0
BRDA:541,63,0,0
BRDA:541,63,1,0
BRDA:545,64,0,0
BRDA:545,64,1,0
BRDA:659,65,0,0
BRDA:659,65,1,0
BRDA:669,66,0,0
BRDA:669,66,1,0
BRDA:686,67,0,0
BRDA:686,67,1,0
BRDA:721,68,0,0
BRDA:721,68,1,0
BRDA:721,69,0,0
BRDA:721,69,1,0
BRDA:733,70,0,0
BRDA:733,70,1,0
BRDA:743,71,0,0
BRDA:743,71,1,0
BRDA:751,72,0,0
BRDA:751,72,1,0
BRDA:774,73,0,0
BRDA:774,73,1,0
BRDA:803,74,0,0
BRDA:803,74,1,0
BRDA:817,75,0,0
BRDA:817,75,1,0
BRDA:823,76,0,0
BRDA:823,76,1,0
BRDA:829,77,0,0
BRDA:829,77,1,0
BRDA:829,77,2,0
BRDA:840,78,0,0
BRDA:840,78,1,0
BRDA:857,79,0,0
BRDA:857,79,1,0
BRDA:861,80,0,0
BRDA:861,80,1,0
BRDA:862,81,0,0
BRDA:862,81,1,0
BRDA:863,82,0,0
BRDA:863,82,1,0
BRDA:868,83,0,0
BRDA:868,83,1,0
BRDA:883,84,0,0
BRDA:883,84,1,0
BRDA:886,85,0,0
BRDA:886,85,1,0
BRDA:893,86,0,0
BRDA:893,86,1,0
BRDA:894,87,0,0
BRDA:894,87,1,0
BRDA:901,88,0,0
BRDA:901,88,1,0
BRDA:912,89,0,0
BRDA:912,89,1,0
BRDA:912,89,2,0
BRDA:955,90,0,0
BRDA:955,90,1,0
BRDA:971,91,0,0
BRDA:971,91,1,0
BRDA:977,92,0,0
BRDA:977,92,1,0
BRDA:984,93,0,0
BRDA:984,93,1,0
BRDA:1000,94,0,0
BRDA:1000,94,1,0
BRDA:1011,95,0,0
BRDA:1011,95,1,0
BRDA:1011,96,0,0
BRDA:1011,96,1,0
BRDA:1016,97,0,0
BRDA:1016,97,1,0
BRDA:1016,97,2,0
BRDA:1031,98,0,0
BRDA:1031,98,1,0
BRDA:1033,99,0,0
BRDA:1033,99,1,0
BRDA:1085,100,0,0
BRDA:1085,100,1,0
BRDA:1085,100,2,0
BRDA:1130,101,0,0
BRDA:1130,101,1,0
BRDA:1140,102,0,0
BRDA:1140,102,1,0
BRDA:1146,103,0,0
BRDA:1146,103,1,0
BRDA:1158,104,0,0
BRDA:1158,104,1,0
BRDA:1158,104,2,0
BRDA:1174,105,0,0
BRDA:1174,105,1,0
BRDA:1180,106,0,0
BRDA:1180,106,1,0
BRDA:1268,107,0,0
BRDA:1268,107,1,0
BRDA:1281,108,0,0
BRDA:1281,108,1,0
BRDA:1305,109,0,0
BRDA:1305,109,1,0
BRDA:1309,110,0,0
BRDA:1309,110,1,0
BRDA:1322,111,0,0
BRDA:1322,111,1,0
BRDA:1324,112,0,0
BRDA:1324,112,1,0
BRDA:1324,113,0,0
BRDA:1324,113,1,0
BRDA:1333,114,0,0
BRDA:1333,114,1,0
BRDA:1333,114,2,0
BRDA:1362,115,0,0
BRDA:1362,115,1,0
BRDA:1363,116,0,0
BRDA:1363,116,1,0
BRF:241
BRH:0
end_of_record
TN:
SF:src\pages\CaixaMisteriosaSorteioPage.jsx
FN:9,simpleValidateGuess
FN:10,(anonymous_1)
FN:20,(anonymous_2)
FN:40,(anonymous_3)
FN:44,(anonymous_4)
FN:49,(anonymous_5)
FN:57,validateGuessWithAI
FN:84,(anonymous_7)
FN:107,(anonymous_8)
FN:116,(anonymous_9)
FN:122,(anonymous_10)
FN:130,(anonymous_11)
FN:150,(anonymous_12)
FN:168,(anonymous_13)
FN:172,(anonymous_14)
FN:173,(anonymous_15)
FN:184,(anonymous_16)
FN:256,(anonymous_17)
FN:309,(anonymous_18)
FN:394,(anonymous_19)
FNF:20
FNH:0
FNDA:0,simpleValidateGuess
FNDA:0,(anonymous_1)
FNDA:0,(anonymous_2)
FNDA:0,(anonymous_3)
FNDA:0,(anonymous_4)
FNDA:0,(anonymous_5)
FNDA:0,validateGuessWithAI
FNDA:0,(anonymous_7)
FNDA:0,(anonymous_8)
FNDA:0,(anonymous_9)
FNDA:0,(anonymous_10)
FNDA:0,(anonymous_11)
FNDA:0,(anonymous_12)
FNDA:0,(anonymous_13)
FNDA:0,(anonymous_14)
FNDA:0,(anonymous_15)
FNDA:0,(anonymous_16)
FNDA:0,(anonymous_17)
FNDA:0,(anonymous_18)
FNDA:0,(anonymous_19)
DA:10,0
DA:11,0
DA:20,0
DA:21,0
DA:22,0
DA:24,0
DA:27,0
DA:28,0
DA:31,0
DA:32,0
DA:36,0
DA:39,0
DA:40,0
DA:43,0
DA:44,0
DA:49,0
DA:51,0
DA:58,0
DA:59,0
DA:61,0
DA:62,0
DA:65,0
DA:71,0
DA:72,0
DA:73,0
DA:76,0
DA:78,0
DA:79,0
DA:84,0
DA:85,0
DA:86,0
DA:88,0
DA:89,0
DA:95,0
DA:96,0
DA:97,0
DA:98,0
DA:101,0
DA:102,0
DA:104,0
DA:107,0
DA:108,0
DA:109,0
DA:110,0
DA:111,0
DA:116,0
DA:117,0
DA:118,0
DA:122,0
DA:123,0
DA:124,0
DA:126,0
DA:127,0
DA:130,0
DA:131,0
DA:133,0
DA:134,0
DA:136,0
DA:137,0
DA:146,0
DA:149,0
DA:150,0
DA:152,0
DA:154,0
DA:161,0
DA:163,0
DA:168,0
DA:169,0
DA:170,0
DA:172,0
DA:173,0
DA:174,0
DA:175,0
DA:176,0
DA:177,0
DA:179,0
DA:184,0
DA:185,0
DA:186,0
DA:192,0
DA:195,0
DA:196,0
DA:197,0
DA:205,0
DA:207,0
DA:208,0
DA:209,0
DA:213,0
DA:216,0
DA:218,0
DA:220,0
DA:224,0
DA:225,0
DA:226,0
DA:234,0
DA:236,0
DA:237,0
DA:238,0
DA:242,0
DA:245,0
DA:247,0
DA:251,0
DA:252,0
DA:256,0
DA:278,0
DA:309,0
DA:395,0
DA:460,0
LF:108
LH:0
BRDA:21,0,0,0
BRDA:21,0,1,0
BRDA:21,1,0,0
BRDA:21,1,1,0
BRDA:31,2,0,0
BRDA:31,2,1,0
BRDA:40,3,0,0
BRDA:40,3,1,0
BRDA:44,4,0,0
BRDA:44,4,1,0
BRDA:49,5,0,0
BRDA:49,5,1,0
BRDA:61,6,0,0
BRDA:61,6,1,0
BRDA:71,7,0,0
BRDA:71,7,1,0
BRDA:101,8,0,0
BRDA:101,8,1,0
BRDA:102,9,0,0
BRDA:102,9,1,0
BRDA:108,10,0,0
BRDA:108,10,1,0
BRDA:108,11,0,0
BRDA:108,11,1,0
BRDA:117,12,0,0
BRDA:117,12,1,0
BRDA:117,13,0,0
BRDA:117,13,1,0
BRDA:117,13,2,0
BRDA:131,14,0,0
BRDA:131,14,1,0
BRDA:133,15,0,0
BRDA:133,15,1,0
BRDA:133,16,0,0
BRDA:133,16,1,0
BRDA:136,17,0,0
BRDA:136,17,1,0
BRDA:139,18,0,0
BRDA:139,18,1,0
BRDA:140,19,0,0
BRDA:140,19,1,0
BRDA:174,20,0,0
BRDA:174,20,1,0
BRDA:185,21,0,0
BRDA:185,21,1,0
BRDA:192,22,0,0
BRDA:192,22,1,0
BRDA:207,23,0,0
BRDA:207,23,1,0
BRDA:236,24,0,0
BRDA:236,24,1,0
BRDA:251,25,0,0
BRDA:251,25,1,0
BRDA:251,26,0,0
BRDA:251,26,1,0
BRDA:251,26,2,0
BRDA:267,27,0,0
BRDA:267,27,1,0
BRDA:342,28,0,0
BRDA:342,28,1,0
BRDA:347,29,0,0
BRDA:347,29,1,0
BRDA:348,30,0,0
BRDA:348,30,1,0
BRDA:350,31,0,0
BRDA:350,31,1,0
BRDA:351,32,0,0
BRDA:351,32,1,0
BRDA:357,33,0,0
BRDA:357,33,1,0
BRDA:357,33,2,0
BRDA:369,34,0,0
BRDA:369,34,1,0
BRDA:369,34,2,0
BRDA:375,35,0,0
BRDA:375,35,1,0
BRDA:375,35,2,0
BRDA:377,36,0,0
BRDA:377,36,1,0
BRDA:377,36,2,0
BRDA:377,36,3,0
BRDA:392,37,0,0
BRDA:392,37,1,0
BRDA:401,38,0,0
BRDA:401,38,1,0
BRDA:406,39,0,0
BRDA:406,39,1,0
BRDA:431,40,0,0
BRDA:431,40,1,0
BRDA:431,40,2,0
BRDA:434,41,0,0
BRDA:434,41,1,0
BRDA:437,42,0,0
BRDA:437,42,1,0
BRDA:437,43,0,0
BRDA:437,43,1,0
BRDA:438,44,0,0
BRDA:438,44,1,0
BRDA:438,45,0,0
BRDA:438,45,1,0
BRDA:441,46,0,0
BRDA:441,46,1,0
BRDA:441,47,0,0
BRDA:441,47,1,0
BRDA:446,48,0,0
BRDA:446,48,1,0
BRDA:446,48,2,0
BRDA:446,48,3,0
BRF:108
BRH:0
end_of_record
TN:
SF:src\pages\ConfiguracoesPage.jsx
FN:9,(anonymous_0)
FN:77,(anonymous_1)
FN:87,(anonymous_2)
FN:89,(anonymous_3)
FN:101,(anonymous_4)
FN:158,(anonymous_5)
FN:180,(anonymous_6)
FN:205,(anonymous_7)
FN:211,(anonymous_8)
FN:213,(anonymous_9)
FN:267,(anonymous_10)
FN:272,(anonymous_11)
FN:300,(anonymous_12)
FN:306,(anonymous_13)
FN:319,(anonymous_14)
FN:329,(anonymous_15)
FN:353,(anonymous_16)
FN:359,(anonymous_17)
FN:399,(anonymous_18)
FN:407,(anonymous_19)
FN:409,(anonymous_20)
FN:412,(anonymous_21)
FN:454,(anonymous_22)
FN:484,(anonymous_23)
FN:502,(anonymous_24)
FN:521,(anonymous_25)
FN:526,(anonymous_26)
FN:528,(anonymous_27)
FN:534,(anonymous_28)
FN:555,(anonymous_29)
FN:555,(anonymous_30)
FN:580,(anonymous_31)
FN:595,(anonymous_32)
FN:607,(anonymous_33)
FN:607,(anonymous_34)
FN:621,(anonymous_35)
FN:627,(anonymous_36)
FN:633,(anonymous_37)
FN:963,(anonymous_38)
FN:1020,(anonymous_39)
FN:1034,(anonymous_40)
FN:1043,(anonymous_41)
FN:1052,(anonymous_42)
FN:1076,(anonymous_43)
FN:1089,(anonymous_44)
FN:1090,(anonymous_45)
FN:1093,(anonymous_46)
FN:1103,(anonymous_47)
FN:1116,(anonymous_48)
FN:1120,(anonymous_49)
FN:1172,(anonymous_50)
FN:1181,(anonymous_51)
FN:1190,(anonymous_52)
FN:1204,(anonymous_53)
FN:1217,(anonymous_54)
FN:1242,(anonymous_55)
FN:1269,(anonymous_56)
FNF:57
FNH:0
FNDA:0,(anonymous_0)
FNDA:0,(anonymous_1)
FNDA:0,(anonymous_2)
FNDA:0,(anonymous_3)
FNDA:0,(anonymous_4)
FNDA:0,(anonymous_5)
FNDA:0,(anonymous_6)
FNDA:0,(anonymous_7)
FNDA:0,(anonymous_8)
FNDA:0,(anonymous_9)
FNDA:0,(anonymous_10)
FNDA:0,(anonymous_11)
FNDA:0,(anonymous_12)
FNDA:0,(anonymous_13)
FNDA:0,(anonymous_14)
FNDA:0,(anonymous_15)
FNDA:0,(anonymous_16)
FNDA:0,(anonymous_17)
FNDA:0,(anonymous_18)
FNDA:0,(anonymous_19)
FNDA:0,(anonymous_20)
FNDA:0,(anonymous_21)
FNDA:0,(anonymous_22)
FNDA:0,(anonymous_23)
FNDA:0,(anonymous_24)
FNDA:0,(anonymous_25)
FNDA:0,(anonymous_26)
FNDA:0,(anonymous_27)
FNDA:0,(anonymous_28)
FNDA:0,(anonymous_29)
FNDA:0,(anonymous_30)
FNDA:0,(anonymous_31)
FNDA:0,(anonymous_32)
FNDA:0,(anonymous_33)
FNDA:0,(anonymous_34)
FNDA:0,(anonymous_35)
FNDA:0,(anonymous_36)
FNDA:0,(anonymous_37)
FNDA:0,(anonymous_38)
FNDA:0,(anonymous_39)
FNDA:0,(anonymous_40)
FNDA:0,(anonymous_41)
FNDA:0,(anonymous_42)
FNDA:0,(anonymous_43)
FNDA:0,(anonymous_44)
FNDA:0,(anonymous_45)
FNDA:0,(anonymous_46)
FNDA:0,(anonymous_47)
FNDA:0,(anonymous_48)
FNDA:0,(anonymous_49)
FNDA:0,(anonymous_50)
FNDA:0,(anonymous_51)
FNDA:0,(anonymous_52)
FNDA:0,(anonymous_53)
FNDA:0,(anonymous_54)
FNDA:0,(anonymous_55)
FNDA:0,(anonymous_56)
DA:9,0
DA:10,0
DA:17,0
DA:19,0
DA:37,0
DA:38,0
DA:41,0
DA:43,0
DA:44,0
DA:45,0
DA:52,0
DA:53,0
DA:54,0
DA:58,0
DA:59,0
DA:62,0
DA:63,0
DA:77,0
DA:87,0
DA:88,0
DA:89,0
DA:96,0
DA:97,0
DA:98,0
DA:101,0
DA:103,0
DA:106,0
DA:154,0
DA:158,0
DA:159,0
DA:160,0
DA:161,0
DA:164,0
DA:165,0
DA:167,0
DA:168,0
DA:169,0
DA:172,0
DA:173,0
DA:175,0
DA:180,0
DA:181,0
DA:183,0
DA:184,0
DA:187,0
DA:188,0
DA:189,0
DA:193,0
DA:194,0
DA:195,0
DA:199,0
DA:200,0
DA:201,0
DA:205,0
DA:206,0
DA:207,0
DA:211,0
DA:213,0
DA:215,0
DA:216,0
DA:227,0
DA:229,0
DA:230,0
DA:241,0
DA:242,0
DA:255,0
DA:267,0
DA:268,0
DA:272,0
DA:273,0
DA:274,0
DA:277,0
DA:278,0
DA:287,0
DA:288,0
DA:300,0
DA:301,0
DA:306,0
DA:307,0
DA:308,0
DA:309,0
DA:310,0
DA:311,0
DA:313,0
DA:314,0
DA:319,0
DA:320,0
DA:321,0
DA:322,0
DA:324,0
DA:325,0
DA:329,0
DA:330,0
DA:332,0
DA:333,0
DA:334,0
DA:338,0
DA:339,0
DA:340,0
DA:341,0
DA:343,0
DA:346,0
DA:348,0
DA:353,0
DA:354,0
DA:355,0
DA:356,0
DA:359,0
DA:360,0
DA:361,0
DA:362,0
DA:368,0
DA:369,0
DA:370,0
DA:371,0
DA:389,0
DA:392,0
DA:394,0
DA:399,0
DA:400,0
DA:401,0
DA:402,0
DA:407,0
DA:408,0
DA:409,0
DA:412,0
DA:413,0
DA:414,0
DA:416,0
DA:417,0
DA:419,0
DA:438,0
DA:448,0
DA:449,0
DA:450,0
DA:453,0
DA:454,0
DA:472,0
DA:473,0
DA:476,0
DA:477,0
DA:478,0
DA:480,0
DA:484,0
DA:485,0
DA:486,0
DA:487,0
DA:493,0
DA:494,0
DA:495,0
DA:498,0
DA:502,0
DA:503,0
DA:504,0
DA:505,0
DA:511,0
DA:512,0
DA:518,0
DA:521,0
DA:522,0
DA:523,0
DA:526,0
DA:527,0
DA:528,0
DA:534,0
DA:535,0
DA:537,0
DA:538,0
DA:540,0
DA:542,0
DA:553,0
DA:554,0
DA:555,0
[...]
DA:114,0
DA:115,0
DA:116,0
DA:118,0
DA:124,0
DA:125,0
DA:128,0
DA:130,0
DA:131,0
DA:138,8
DA:139,0
DA:140,0
DA:142,0
DA:143,0
DA:144,0
DA:145,0
DA:146,0
DA:148,0
DA:154,0
DA:155,0
DA:158,0
DA:160,0
DA:161,0
DA:168,8
DA:169,0
DA:170,0
DA:176,0
DA:177,0
DA:180,0
DA:182,0
DA:183,0
DA:190,8
DA:191,0
DA:193,0
DA:194,0
DA:195,0
DA:196,0
DA:199,0
DA:200,0
DA:201,0
DA:205,0
DA:206,0
DA:208,0
DA:214,0
DA:215,0
DA:218,0
DA:219,0
DA:220,0
DA:221,0
DA:222,0
DA:223,0
DA:224,0
DA:225,0
DA:226,0
DA:228,0
DA:230,0
DA:231,0
DA:238,8
DA:239,0
DA:240,0
DA:252,0
DA:253,0
DA:256,0
DA:258,0
DA:259,0
DA:266,8
DA:267,0
DA:268,0
DA:275,0
DA:276,0
DA:279,0
DA:281,0
DA:282,0
DA:289,8
DA:290,0
DA:291,0
DA:293,0
DA:294,0
DA:295,0
DA:296,0
DA:297,0
DA:299,0
DA:305,0
DA:306,0
DA:309,0
DA:311,0
DA:312,0
DA:319,8
DA:320,13
DA:321,13
DA:327,13
DA:329,0
DA:336,8
DA:337,0
DA:338,0
DA:343,0
DA:350,8
DA:353,0
DA:357,0
DA:358,0
DA:363,1
DA:367,0
DA:371,1
DA:375,0
DA:379,2
DA:383,0
DA:387,0
DA:391,0
DA:395,0
DA:399,0
DA:403,0
DA:407,0
LF:145
LH:29
BRDA:9,0,0,3
BRDA:9,1,0,17
BRDA:9,2,0,17
BRDA:33,3,0,0
BRDA:33,3,1,1
BRDA:49,4,0,0
BRDA:66,5,0,0
BRDA:66,5,1,0
BRDA:95,6,0,0
BRDA:95,6,1,0
BRDA:106,7,0,0
BRDA:110,8,0,0
BRDA:110,8,1,0
BRDA:111,9,0,0
BRDA:111,9,1,0
BRDA:112,10,0,0
BRDA:112,10,1,0
BRDA:113,11,0,0
BRDA:113,11,1,0
BRDA:114,12,0,0
BRDA:114,12,1,0
BRDA:115,13,0,0
BRDA:115,13,1,0
BRDA:116,14,0,0
BRDA:116,14,1,0
BRDA:124,15,0,0
BRDA:124,15,1,0
BRDA:138,16,0,0
BRDA:142,17,0,0
BRDA:142,17,1,0
BRDA:143,18,0,0
BRDA:143,18,1,0
BRDA:144,19,0,0
BRDA:144,19,1,0
BRDA:145,20,0,0
BRDA:145,20,1,0
BRDA:146,21,0,0
BRDA:146,21,1,0
BRDA:154,22,0,0
BRDA:154,22,1,0
BRDA:168,23,0,0
BRDA:176,24,0,0
BRDA:176,24,1,0
BRDA:190,25,0,0
BRDA:190,26,0,0
BRDA:200,27,0,0
BRDA:200,27,1,0
BRDA:200,28,0,0
BRDA:200,28,1,0
BRDA:200,28,2,0
BRDA:214,29,0,0
BRDA:214,29,1,0
BRDA:252,30,0,0
BRDA:252,30,1,0
BRDA:275,31,0,0
BRDA:275,31,1,0
BRDA:289,32,0,0
BRDA:293,33,0,0
BRDA:293,33,1,0
BRDA:294,34,0,0
BRDA:294,34,1,0
BRDA:295,35,0,0
BRDA:295,35,1,0
BRDA:296,36,0,0
BRDA:296,36,1,0
BRDA:297,37,0,0
BRDA:297,37,1,0
BRDA:305,38,0,0
BRDA:305,38,1,0
BRDA:319,39,0,0
BRDA:336,40,0,0
BRF:71
BRH:4
end_of_record
TN:
SF:src\services\authService.js
FN:7,(anonymous_0)
FN:31,(anonymous_1)
FN:73,(anonymous_2)
FN:80,(anonymous_3)
FNF:4
FNH:4
FNDA:3,(anonymous_0)
FNDA:6,(anonymous_1)
FNDA:1,(anonymous_2)
FNDA:2,(anonymous_3)
DA:4,10
DA:7,10
DA:8,3
DA:9,3
DA:17,3
DA:18,2
DA:19,1
DA:22,1
DA:23,1
DA:25,2
DA:26,2
DA:31,10
DA:32,6
DA:35,4
DA:36,0
DA:37,0
DA:38,0
DA:42,0
DA:43,0
DA:44,0
DA:45,0
DA:49,0
DA:50,0
DA:51,0
DA:52,0
DA:53,0
DA:55,0
DA:59,4
DA:60,4
DA:61,2
DA:62,2
DA:65,2
DA:66,0
DA:68,2
DA:73,10
DA:74,1
DA:75,1
DA:76,1
DA:80,10
DA:81,2
LF:40
LH:26
BRDA:17,0,0,2
BRDA:17,0,1,1
BRDA:19,1,0,1
BRDA:19,1,1,0
BRDA:32,2,0,2
BRDA:32,2,1,4
BRDA:35,3,0,0
BRDA:35,3,1,4
BRDA:35,4,0,4
BRDA:35,4,1,4
BRDA:36,5,0,0
BRDA:36,5,1,0
BRDA:42,6,0,0
BRDA:42,6,1,0
BRDA:50,7,0,0
BRDA:50,7,1,0
BRDA:51,8,0,0
BRDA:51,8,1,0
BRDA:65,9,0,0
BRDA:65,9,1,2
BRF:20
BRH:9
end_of_record
TN:
SF:src\services\dashboardService.js
FN:8,(anonymous_0)
FNF:1
FNH:1
FNDA:8,(anonymous_0)
DA:5,2
DA:8,2
DA:9,8
DA:10,8
DA:11,8
DA:12,8
DA:13,1
DA:15,7
DA:17,7
DA:25,6
DA:26,2
DA:27,1
DA:29,1
DA:33,4
DA:34,0
DA:35,0
DA:36,0
DA:37,0
DA:38,0
DA:41,0
DA:42,0
DA:44,8
DA:45,8
LF:23
LH:16
BRDA:12,0,0,1
BRDA:12,0,1,7
BRDA:25,1,0,2
BRDA:25,1,1,4
BRDA:26,2,0,1
BRDA:26,2,1,1
BRDA:34,3,0,0
BRDA:34,3,1,0
BRDA:34,4,0,0
BRDA:34,4,1,0
BRF:10
BRH:6
end_of_record
TN:
SF:src\services\db.js
FN:30,(anonymous_0)
FNF:1
FNH:0
FNDA:0,(anonymous_0)
DA:2,0
DA:3,0
DA:6,0
DA:18,0
DA:26,0
DA:29,0
DA:30,0
LF:7
LH:0
BRDA:26,0,0,0
BRDA:26,0,1,0
BRF:2
BRH:0
end_of_record
TN:
SF:src\services\logService.js
FN:10,(anonymous_0)
FN:20,(anonymous_1)
FN:65,(anonymous_2)
FN:82,(anonymous_3)
FN:105,(anonymous_4)
FN:109,(anonymous_5)
FN:113,(anonymous_6)
FN:117,(anonymous_7)
FN:121,(anonymous_8)
FN:125,(anonymous_9)
FN:129,(anonymous_10)
FN:133,(anonymous_11)
FN:137,(anonymous_12)
FN:142,(anonymous_13)
FN:143,(anonymous_14)
FNF:15
FNH:0
FNDA:0,(anonymous_0)
FNDA:0,(anonymous_1)
FNDA:0,(anonymous_2)
FNDA:0,(anonymous_3)
FNDA:0,(anonymous_4)
FNDA:0,(anonymous_5)
FNDA:0,(anonymous_6)
FNDA:0,(anonymous_7)
FNDA:0,(anonymous_8)
FNDA:0,(anonymous_9)
FNDA:0,(anonymous_10)
FNDA:0,(anonymous_11)
FNDA:0,(anonymous_12)
FNDA:0,(anonymous_13)
FNDA:0,(anonymous_14)
DA:7,0
DA:10,0
DA:11,0
DA:12,0
DA:13,0
DA:15,0
DA:20,0
DA:21,0
DA:22,0
DA:23,0
DA:34,0
DA:43,0
DA:44,0
DA:48,0
DA:51,0
DA:53,0
DA:60,0
DA:65,0
DA:66,0
DA:67,0
DA:68,0
DA:71,0
DA:72,0
DA:75,0
DA:77,0
DA:82,0
DA:83,0
DA:84,0
DA:90,0
DA:91,0
DA:94,0
DA:95,0
DA:97,0
DA:99,0
DA:100,0
DA:105,0
DA:106,0
DA:109,0
DA:110,0
DA:113,0
DA:114,0
DA:117,0
DA:118,0
DA:121,0
DA:122,0
DA:125,0
DA:126,0
DA:129,0
DA:130,0
DA:133,0
DA:134,0
DA:137,0
DA:138,0
DA:142,0
DA:143,0
DA:144,0
LF:56
LH:0
BRDA:7,0,0,0
BRDA:7,0,1,0
BRDA:13,1,0,0
BRDA:13,1,1,0
BRDA:20,2,0,0
BRDA:25,3,0,0
BRDA:25,3,1,0
BRDA:43,4,0,0
BRDA:43,4,1,0
BRDA:55,5,0,0
BRDA:55,5,1,0
BRDA:67,6,0,0
BRDA:67,6,1,0
BRDA:71,7,0,0
BRDA:71,7,1,0
BRDA:82,8,0,0
BRDA:82,9,0,0
BRDA:90,10,0,0
BRDA:90,10,1,0
BRDA:95,11,0,0
BRDA:95,11,1,0
BRDA:99,12,0,0
BRDA:99,12,1,0
BRF:23
BRH:0
end_of_record
TN:
SF:src\services\participanteService.js
FN:9,(anonymous_0)
FN:49,(anonymous_1)
FN:115,(anonymous_2)
FNF:3
FNH:3
FNDA:5,(anonymous_0)
FNDA:4,(anonymous_1)
FNDA:5,(anonymous_2)
DA:6,1
DA:9,1
DA:10,5
DA:11,5
DA:12,5
DA:13,5
DA:14,1
DA:16,4
DA:18,4
DA:24,4
DA:25,2
DA:26,1
DA:28,1
DA:32,2
DA:33,0
DA:34,0
DA:35,0
DA:36,0
DA:37,0
DA:40,0
DA:41,0
DA:43,5
DA:44,5
DA:49,1
DA:50,4
DA:51,4
DA:52,4
DA:53,1
DA:57,3
DA:58,3
DA:59,3
DA:64,3
DA:65,1
DA:66,1
DA:69,0
DA:72,3
DA:79,3
DA:80,0
DA:81,0
DA:85,0
DA:86,0
DA:87,0
DA:88,0
DA:89,0
DA:95,0
DA:98,0
DA:101,0
DA:102,0
DA:103,0
DA:106,0
DA:108,4
DA:109,4
DA:110,4
DA:115,1
DA:116,5
DA:117,5
DA:118,5
DA:119,1
DA:123,4
DA:124,4
DA:125,4
DA:130,4
DA:131,1
DA:132,1
DA:135,0
DA:139,4
DA:146,4
DA:155,4
DA:156,0
DA:157,0
DA:159,0
DA:161,0
DA:162,0
DA:163,0
DA:164,0
DA:169,0
DA:173,0
DA:174,0
DA:175,0
DA:176,0
DA:177,0
DA:178,0
DA:180,0
DA:181,0
DA:183,0
DA:184,0
DA:187,0
DA:190,0
DA:193,0
DA:196,0
DA:197,0
DA:198,0
DA:201,0
DA:203,5
DA:204,5
DA:205,5
LF:96
LH:49
BRDA:13,0,0,1
BRDA:13,0,1,4
BRDA:24,1,0,2
BRDA:24,1,1,2
BRDA:25,2,0,1
BRDA:25,2,1,1
BRDA:33,3,0,0
BRDA:33,3,1,0
BRDA:33,4,0,0
BRDA:33,4,1,0
BRDA:41,5,0,0
BRDA:41,5,1,0
BRDA:52,6,0,1
BRDA:52,6,1,3
BRDA:64,7,0,1
BRDA:64,7,1,2
BRDA:79,8,0,0
BRDA:79,8,1,0
BRDA:80,9,0,0
BRDA:80,9,1,0
BRDA:88,10,0,0
BRDA:88,10,1,0
BRDA:101,11,0,0
BRDA:101,11,1,0
BRDA:101,12,0,0
BRDA:101,12,1,0
BRDA:118,13,0,1
BRDA:118,13,1,4
BRDA:130,14,0,1
BRDA:130,14,1,3
BRDA:155,15,0,0
BRDA:155,15,1,0
BRDA:156,16,0,0
BRDA:156,16,1,0
BRDA:159,17,0,0
BRDA:159,17,1,0
BRDA:163,18,0,0
BRDA:163,18,1,0
BRDA:164,19,0,0
BRDA:164,19,1,0
BRDA:177,20,0,0
BRDA:177,20,1,0
BRDA:180,21,0,0
BRDA:180,21,1,0
BRDA:180,22,0,0
BRDA:180,22,1,0
BRDA:181,23,0,0
BRDA:181,23,1,0
BRDA:183,24,0,0
BRDA:183,24,1,0
BRDA:196,25,0,0
BRDA:196,25,1,0
BRF:52
BRH:14
end_of_record
TN:
SF:src\services\promocaoService.js
FN:9,(anonymous_0)
FN:49,(anonymous_1)
FN:101,(anonymous_2)
FN:170,(anonymous_3)
FN:236,(anonymous_4)
FNF:5
FNH:5
FNDA:4,(anonymous_0)
FNDA:3,(anonymous_1)
FNDA:2,(anonymous_2)
FNDA:2,(anonymous_3)
FNDA:3,(anonymous_4)
DA:6,1
DA:9,1
DA:10,4
DA:11,4
DA:12,4
DA:13,4
DA:14,1
DA:16,3
DA:18,3
DA:24,3
DA:25,1
DA:26,1
DA:28,0
DA:32,1
DA:33,0
DA:34,0
DA:35,0
DA:36,0
DA:37,0
DA:40,0
DA:41,0
DA:43,4
DA:44,4
DA:49,1
DA:50,3
DA:51,3
DA:52,3
DA:53,0
DA:56,3
DA:65,3
DA:66,1
DA:67,0
DA:71,1
DA:72,1
DA:73,1
DA:74,1
DA:75,1
DA:79,0
DA:82,1
DA:85,2
DA:88,2
DA:89,2
DA:90,2
DA:93,2
DA:95,1
DA:96,1
DA:101,1
DA:102,2
DA:103,2
DA:104,2
DA:105,0
DA:109,2
DA:110,2
DA:111,2
DA:116,2
DA:117,1
DA:118,1
DA:121,0
DA:124,2
DA:133,2
DA:134,0
DA:135,0
DA:139,0
DA:140,0
DA:141,0
DA:142,0
DA:143,0
DA:147,0
DA:150,0
DA:153,0
DA:156,0
DA:157,0
DA:158,0
DA:161,0
DA:163,2
DA:164,2
DA:165,2
DA:170,1
DA:171,2
DA:172,2
DA:173,2
DA:174,0
DA:178,2
DA:179,2
DA:180,2
DA:185,2
DA:186,1
DA:187,1
DA:190,0
DA:193,2
DA:200,2
DA:201,0
DA:202,0
DA:206,0
DA:207,0
DA:208,0
DA:209,0
DA:210,0
DA:216,0
DA:219,0
DA:222,0
DA:223,0
DA:224,0
DA:227,0
DA:229,2
DA:230,2
DA:231,2
DA:236,1
DA:237,3
DA:238,3
DA:239,3
DA:240,0
DA:243,3
DA:249,2
DA:250,1
DA:251,0
DA:253,1
DA:256,1
DA:257,1
DA:259,2
DA:260,2
LF:121
LH:77
BRDA:13,0,0,1
BRDA:13,0,1,3
BRDA:24,1,0,1
BRDA:24,1,1,1
BRDA:25,2,0,1
BRDA:25,2,1,0
BRDA:33,3,0,0
BRDA:33,3,1,0
BRDA:33,4,0,0
BRDA:33,4,1,0
BRDA:52,5,0,0
BRDA:52,5,1,3
BRDA:65,6,0,1
BRDA:65,6,1,2
BRDA:66,7,0,0
BRDA:66,7,1,1
BRDA:74,8,0,1
BRDA:74,8,1,0
BRDA:88,9,0,2
BRDA:88,9,1,0
BRDA:88,10,0,2
BRDA:88,10,1,2
BRDA:88,10,2,2
BRDA:104,11,0,0
BRDA:104,11,1,2
BRDA:116,12,0,1
BRDA:116,12,1,1
BRDA:133,13,0,0
BRDA:133,13,1,0
BRDA:134,14,0,0
BRDA:134,14,1,0
BRDA:142,15,0,0
BRDA:142,15,1,0
BRDA:156,16,0,0
BRDA:156,16,1,0
BRDA:173,17,0,0
BRDA:173,17,1,2
BRDA:185,18,0,1
BRDA:185,18,1,1
BRDA:200,19,0,0
BRDA:200,19,1,0
BRDA:201,20,0,0
BRDA:201,20,1,0
BRDA:209,21,0,0
BRDA:209,21,1,0
BRDA:222,22,0,0
BRDA:222,22,1,0
BRDA:222,23,0,0
BRDA:222,23,1,0
BRDA:239,24,0,0
BRDA:239,24,1,3
BRDA:249,25,0,1
BRDA:249,25,1,1
BRDA:250,26,0,0
BRDA:250,26,1,1
BRF:55
BRH:24
end_of_record
TN:
SF:src\services\sorteioService.js
FN:9,(anonymous_0)
FN:46,(anonymous_1)
FN:64,(anonymous_2)
FN:103,(anonymous_3)
FN:121,(anonymous_4)
FN:135,(anonymous_5)
FN:169,(anonymous_6)
FN:194,(anonymous_7)
FN:208,(anonymous_8)
FN:237,(anonymous_9)
FN:255,(anonymous_10)
FNF:11
FNH:9
FNDA:22,(anonymous_0)
FNDA:1,(anonymous_1)
FNDA:8,(anonymous_2)
FNDA:1,(anonymous_3)
FNDA:1,(anonymous_4)
FNDA:4,(anonymous_5)
FNDA:1,(anonymous_6)
FNDA:1,(anonymous_7)
FNDA:5,(anonymous_8)
FNDA:0,(anonymous_9)
FNDA:0,(anonymous_10)
DA:6,1
DA:9,1
DA:10,22
DA:12,22
DA:13,1
DA:16,21
DA:23,21
DA:32,21
DA:34,20
DA:35,6
DA:36,1
DA:38,5
DA:39,5
DA:42,13
DA:46,1
DA:47,1
DA:48,1
DA:53,1
DA:54,1
DA:56,1
DA:58,0
DA:59,0
DA:64,1
DA:65,8
DA:66,8
DA:75,3
DA:76,3
DA:77,3
DA:78,3
DA:79,1
DA:82,1
DA:83,1
DA:84,1
DA:87,2
DA:88,2
DA:92,0
DA:95,3
DA:97,5
DA:98,5
DA:103,1
DA:104,1
DA:105,1
DA:110,1
DA:111,1
DA:113,1
DA:115,0
DA:116,0
DA:121,1
DA:122,1
DA:123,1
DA:127,1
DA:129,0
DA:130,0
DA:135,1
DA:136,4
DA:137,4
DA:139,4
DA:144,3
DA:147,3
DA:148,2
DA:149,2
DA:150,2
DA:151,1
DA:153,1
DA:157,1
DA:160,3
DA:162,1
DA:163,1
DA:164,1
DA:169,1
DA:170,1
DA:171,1
DA:177,1
DA:178,0
DA:186,1
DA:188,0
DA:189,0
DA:194,1
DA:195,1
DA:196,1
DA:200,1
DA:202,0
DA:203,0
DA:208,1
DA:209,5
DA:210,5
DA:211,5
DA:213,5
DA:216,5
DA:218,5
DA:226,2
DA:227,2
DA:229,3
DA:230,3
DA:231,3
DA:232,3
DA:237,1
DA:238,0
DA:239,0
DA:241,0
DA:246,0
DA:247,0
DA:249,0
DA:250,0
DA:255,1
DA:256,0
DA:257,0
DA:258,0
DA:260,0
DA:262,0
DA:275,0
DA:277,0
DA:278,0
DA:281,0
DA:284,0
DA:285,0
DA:286,0
DA:289,0
DA:293,0
DA:294,0
DA:297,0
DA:298,0
DA:299,0
DA:300,0
DA:304,0
DA:309,0
DA:311,0
DA:312,0
LF:128
LH:86
BRDA:9,0,0,0
BRDA:12,1,0,1
BRDA:12,1,1,21
BRDA:34,2,0,6
BRDA:34,2,1,13
BRDA:35,3,0,1
BRDA:35,3,1,5
BRDA:53,4,0,1
BRDA:53,4,1,0
BRDA:53,5,0,1
BRDA:53,5,1,1
BRDA:75,6,0,3
BRDA:75,6,1,0
BRDA:75,7,0,3
BRDA:75,7,1,3
BRDA:82,8,0,1
BRDA:82,8,1,0
BRDA:82,9,0,1
BRDA:82,9,1,1
BRDA:110,10,0,1
BRDA:110,10,1,0
BRDA:110,11,0,1
BRDA:110,11,1,1
BRDA:147,12,0,2
BRDA:147,12,1,1
BRDA:147,13,0,3
BRDA:147,13,1,3
BRDA:147,13,2,3
BRDA:177,14,0,0
BRDA:177,14,1,1
BRDA:177,15,0,1
BRDA:177,15,1,0
BRDA:179,16,0,0
BRDA:179,16,1,0
BRDA:180,17,0,0
BRDA:180,17,1,0
BRDA:181,18,0,0
BRDA:181,18,1,0
BRDA:182,19,0,0
BRDA:182,19,1,0
BRDA:255,20,0,0
BRDA:258,21,0,0
BRDA:258,21,1,0
BRDA:277,22,0,0
BRDA:277,22,1,0
BRDA:278,23,0,0
BRDA:278,23,1,0
BRDA:284,24,0,0
BRDA:284,24,1,0
BRDA:284,25,0,0
BRDA:284,25,1,0
BRDA:284,25,2,0
BRDA:284,25,3,0
BRDA:293,26,0,0
BRDA:293,26,1,0
BRDA:297,27,0,0
BRDA:297,27,1,0
BRDA:297,28,0,0
BRDA:297,28,1,0
BRDA:297,28,2,0
BRF:60
BRH:25
end_of_record
TN:
SF:src\services\userService.js
FN:4,(anonymous_0)
FN:47,(anonymous_1)
FN:53,(anonymous_2)
FN:59,(anonymous_3)
FNF:4
FNH:0
FNDA:0,(anonymous_0)
FNDA:0,(anonymous_1)
FNDA:0,(anonymous_2)
FNDA:0,(anonymous_3)
DA:4,6
DA:5,0
DA:6,0
DA:7,0
DA:10,0
DA:11,0
DA:12,0
DA:16,0
DA:18,0
DA:19,0
DA:20,0
DA:28,0
DA:29,0
DA:39,0
DA:41,0
DA:42,0
DA:47,6
DA:48,0
DA:49,0
DA:53,6
DA:54,0
DA:55,0
DA:59,6
DA:60,0
DA:61,0
LF:25
LH:4
BRDA:10,0,0,0
BRDA:10,0,1,0
BRDA:16,1,0,0
BRDA:16,1,1,0
BRDA:18,2,0,0
BRDA:18,2,1,0
BRDA:23,3,0,0
BRDA:23,3,1,0
BRDA:32,4,0,0
BRDA:32,4,1,0
BRDA:49,5,0,0
BRDA:49,5,1,0
BRDA:61,6,0,0
BRDA:61,6,1,0
BRF:14
BRH:0
end_of_record
TN:
SF:src\store\caixaMisteriosaStore.js
FN:4,(anonymous_0)
FN:15,(anonymous_1)
FN:33,(anonymous_2)
FN:48,(anonymous_3)
FN:53,(anonymous_4)
FN:59,(anonymous_5)
FN:68,(anonymous_6)
FN:70,(anonymous_7)
FN:73,(anonymous_8)
FN:74,(anonymous_9)
FN:77,(anonymous_10)
FN:98,(anonymous_11)
FN:143,(anonymous_12)
FN:148,(anonymous_13)
FNF:14
FNH:0
FNDA:0,(anonymous_0)
FNDA:0,(anonymous_1)
FNDA:0,(anonymous_2)
FNDA:0,(anonymous_3)
FNDA:0,(anonymous_4)
FNDA:0,(anonymous_5)
FNDA:0,(anonymous_6)
FNDA:0,(anonymous_7)
FNDA:0,(anonymous_8)
FNDA:0,(anonymous_9)
FNDA:0,(anonymous_10)
FNDA:0,(anonymous_11)
FNDA:0,(anonymous_12)
FNDA:0,(anonymous_13)
DA:5,0
DA:6,0
DA:7,0
DA:8,0
DA:9,0
DA:10,0
DA:12,0
DA:16,0
DA:17,0
DA:18,0
DA:19,0
DA:20,0
DA:21,0
DA:23,0
DA:24,0
DA:27,0
DA:28,0
DA:30,0
DA:34,0
DA:35,0
DA:36,0
DA:38,0
DA:39,0
DA:40,0
DA:42,0
DA:45,0
DA:49,0
DA:50,0
DA:54,0
DA:55,0
DA:56,0
DA:60,0
DA:69,0
DA:70,0
DA:74,0
DA:78,0
DA:79,0
DA:80,0
DA:81,0
DA:82,0
DA:83,0
DA:84,0
DA:88,0
DA:89,0
DA:92,0
DA:93,0
DA:94,0
DA:99,0
DA:100,0
DA:101,0
DA:104,0
DA:105,0
DA:107,0
DA:108,0
DA:110,0
DA:112,0
DA:113,0
DA:114,0
DA:115,0
DA:118,0
DA:119,0
DA:120,0
DA:121,0
DA:124,0
DA:125,0
DA:128,0
DA:129,0
DA:131,0
DA:132,0
DA:134,0
DA:135,0
DA:138,0
DA:139,0
DA:144,0
DA:145,0
DA:149,0
DA:150,0
DA:151,0
DA:156,0
LF:79
LH:0
BRDA:19,0,0,0
BRDA:19,0,1,0
BRDA:21,1,0,0
BRDA:21,1,1,0
BRDA:80,2,0,0
BRDA:80,2,1,0
BRDA:82,3,0,0
BRDA:82,3,1,0
BRDA:98,4,0,0
BRDA:99,5,0,0
BRDA:99,5,1,0
BRDA:99,6,0,0
BRDA:99,6,1,0
BRDA:108,7,0,0
BRDA:108,7,1,0
BRDA:112,8,0,0
BRDA:112,8,1,0
BRDA:119,9,0,0
BRDA:119,9,1,0
BRDA:124,10,0,0
BRDA:124,10,1,0
BRDA:131,11,0,0
BRDA:131,11,1,0
BRDA:131,12,0,0
BRDA:131,12,1,0
BRDA:131,12,2,0
BRDA:131,12,3,0
BRF:27
BRH:0
end_of_record
TN:
SF:src\utils\lazyLoader.js
FN:6,(anonymous_0)
FN:9,(anonymous_1)
FN:17,(anonymous_2)
FN:20,(anonymous_3)
FN:51,(anonymous_4)
FN:54,(anonymous_5)
FN:74,(anonymous_6)
FN:77,(anonymous_7)
FN:105,(anonymous_8)
FN:108,(anonymous_9)
FN:109,(anonymous_10)
FN:115,(anonymous_11)
FN:116,(anonymous_12)
FN:126,(anonymous_13)
FN:134,(anonymous_14)
FN:140,(anonymous_15)
FN:141,(anonymous_16)
FNF:17
FNH:0
FNDA:0,(anonymous_0)
FNDA:0,(anonymous_1)
FNDA:0,(anonymous_2)
FNDA:0,(anonymous_3)
FNDA:0,(anonymous_4)
FNDA:0,(anonymous_5)
FNDA:0,(anonymous_6)
FNDA:0,(anonymous_7)
FNDA:0,(anonymous_8)
FNDA:0,(anonymous_9)
FNDA:0,(anonymous_10)
FNDA:0,(anonymous_11)
FNDA:0,(anonymous_12)
FNDA:0,(anonymous_13)
FNDA:0,(anonymous_14)
FNDA:0,(anonymous_15)
FNDA:0,(anonymous_16)
DA:6,0
DA:7,0
DA:9,0
DA:10,0
DA:17,0
DA:18,0
DA:20,0
DA:21,0
DA:51,0
DA:52,0
DA:54,0
DA:55,0
DA:74,0
DA:75,0
DA:77,0
DA:78,0
DA:105,0
DA:106,0
DA:108,0
DA:109,0
DA:110,0
DA:112,0
DA:113,0
DA:115,0
DA:116,0
DA:117,0
DA:122,0
DA:126,0
DA:127,0
DA:134,0
DA:135,0
DA:136,0
DA:140,0
DA:141,0
DA:142,0
DA:145,0
LF:36
LH:0
BRDA:6,0,0,0
BRDA:17,1,0,0
BRDA:51,2,0,0
BRDA:57,3,0,0
BRDA:57,3,1,0
BRDA:74,4,0,0
BRDA:80,5,0,0
BRDA:80,5,1,0
BRDA:105,6,0,0
BRDA:105,7,0,0
BRDA:112,8,0,0
BRDA:112,8,1,0
BRF:12
BRH:0
end_of_record
TN:
SF:src\utils\lgpdUtils.js
FN:9,(anonymous_0)
FN:32,(anonymous_1)
FN:54,(anonymous_2)
FN:85,(anonymous_3)
FN:98,(anonymous_4)
FN:113,(anonymous_5)
FN:124,(anonymous_6)
FN:148,(anonymous_7)
FN:173,(anonymous_8)
FN:186,(anonymous_9)
FN:202,(anonymous_10)
FNF:11
FNH:9
FNDA:10,(anonymous_0)
FNDA:8,(anonymous_1)
FNDA:7,(anonymous_2)
FNDA:6,(anonymous_3)
FNDA:17,(anonymous_4)
FNDA:8,(anonymous_5)
FNDA:4,(anonymous_6)
FNDA:0,(anonymous_7)
FNDA:0,(anonymous_8)
FNDA:7,(anonymous_9)
FNDA:5,(anonymous_10)
DA:9,1
DA:10,10
DA:13,8
DA:16,6
DA:19,5
DA:20,5
DA:22,4
DA:23,4
DA:24,4
DA:26,4
DA:32,1
DA:33,8
DA:36,7
DA:39,5
DA:41,4
DA:42,4
DA:44,4
DA:48,4
DA:54,1
DA:55,7
DA:58,6
DA:61,4
DA:62,4
DA:63,4
DA:64,4
DA:66,4
DA:67,1
DA:72,3
DA:76,3
DA:79,0
DA:85,1
DA:86,6
DA:89,5
DA:92,3
DA:98,1
DA:99,17
DA:107,17
DA:113,1
DA:114,8
DA:115,4
DA:118,4
DA:124,1
DA:125,4
DA:127,3
DA:148,1
DA:149,0
DA:150,0
DA:166,0
DA:173,1
DA:174,0
DA:175,0
DA:176,0
DA:177,0
DA:179,0
DA:186,1
DA:187,7
DA:196,7
DA:202,1
DA:203,5
DA:210,5
DA:211,5
DA:213,5
LF:62
LH:53
BRDA:9,0,0,4
BRDA:10,1,0,2
BRDA:10,1,1,8
BRDA:13,2,0,2
BRDA:13,2,1,6
BRDA:16,3,0,1
BRDA:16,3,1,5
BRDA:16,4,0,6
BRDA:16,4,1,2
BRDA:20,5,0,1
BRDA:20,5,1,4
BRDA:32,6,0,4
BRDA:33,7,0,1
BRDA:33,7,1,7
BRDA:36,8,0,2
BRDA:36,8,1,5
BRDA:39,9,0,1
BRDA:39,9,1,4
BRDA:39,10,0,5
BRDA:39,10,1,1
BRDA:42,11,0,0
BRDA:42,11,1,4
BRDA:44,12,0,3
BRDA:44,12,1,1
BRDA:54,13,0,2
BRDA:55,14,0,1
BRDA:55,14,1,6
BRDA:58,15,0,2
BRDA:58,15,1,4
BRDA:61,16,0,4
BRDA:61,16,1,0
BRDA:66,17,0,1
BRDA:66,17,1,3
BRDA:67,18,0,1
BRDA:67,18,1,0
BRDA:72,19,0,3
BRDA:72,19,1,0
BRDA:86,20,0,1
BRDA:86,20,1,5
BRDA:89,21,0,2
BRDA:89,21,1,3
BRDA:98,22,0,0
BRDA:107,23,0,17
BRDA:107,23,1,6
BRDA:113,24,0,0
BRDA:114,25,0,4
BRDA:114,25,1,4
BRDA:124,26,0,3
BRDA:125,27,0,1
BRDA:125,27,1,3
BRDA:134,28,0,2
BRDA:134,28,1,1
BRDA:135,29,0,2
BRDA:135,29,1,1
BRDA:148,30,0,0
BRDA:196,31,0,7
BRDA:196,31,1,1
BRDA:211,32,0,5
BRDA:211,32,1,1
BRDA:215,33,0,3
BRDA:215,33,1,2
BRF:61
BRH:54
end_of_record
TN:
SF:src\utils\privacyUtils.js
FN:7,(anonymous_0)
FN:29,(anonymous_1)
FN:47,(anonymous_2)
FNF:3
FNH:0
FNDA:0,(anonymous_0)
FNDA:0,(anonymous_1)
FNDA:0,(anonymous_2)
DA:7,0
DA:8,0
DA:9,0
DA:12,0
DA:14,0
DA:15,0
DA:19,0
DA:20,0
DA:22,0
DA:29,0
DA:30,0
DA:31,0
DA:34,0
DA:36,0
DA:37,0
DA:40,0
DA:41,0
DA:47,0
DA:48,0
LF:19
LH:0
BRDA:8,0,0,0
BRDA:8,0,1,0
BRDA:8,1,0,0
BRDA:8,1,1,0
BRDA:14,2,0,0
BRDA:14,2,1,0
BRDA:30,3,0,0
BRDA:30,3,1,0
BRDA:30,4,0,0
BRDA:30,4,1,0
BRDA:36,5,0,0
BRDA:36,5,1,0
BRF:12
BRH:0
end_of_record
TN:
SF:src\utils\serviceWorkerRegistration.js
FN:12,register
FN:19,(anonymous_1)
FN:22,(anonymous_2)
FN:32,registerValidSW
FN:35,(anonymous_4)
FN:38,(anonymous_5)
FN:42,(anonymous_6)
FN:61,(anonymous_7)
FN:66,checkValidServiceWorker
FN:70,(anonymous_9)
FN:76,(anonymous_10)
FN:77,(anonymous_11)
FN:85,(anonymous_12)
FN:90,unregister
FN:93,(anonymous_14)
FN:96,(anonymous_15)
FN:103,checkForUpdates
FN:105,(anonymous_17)
FN:114,useServiceWorker
FN:118,(anonymous_19)
FN:120,(anonymous_20)
FN:124,(anonymous_21)
FN:133,(anonymous_22)
FNF:23
FNH:0
FNDA:0,register
FNDA:0,(anonymous_1)
FNDA:0,(anonymous_2)
FNDA:0,registerValidSW
FNDA:0,(anonymous_4)
FNDA:0,(anonymous_5)
FNDA:0,(anonymous_6)
FNDA:0,(anonymous_7)
FNDA:0,checkValidServiceWorker
FNDA:0,(anonymous_9)
FNDA:0,(anonymous_10)
FNDA:0,(anonymous_11)
FNDA:0,(anonymous_12)
FNDA:0,unregister
FNDA:0,(anonymous_14)
FNDA:0,(anonymous_15)
FNDA:0,checkForUpdates
FNDA:0,(anonymous_17)
FNDA:0,useServiceWorker
FNDA:0,(anonymous_19)
FNDA:0,(anonymous_20)
FNDA:0,(anonymous_21)
FNDA:0,(anonymous_22)
DA:2,0
DA:10,0
DA:13,0
DA:14,0
DA:15,0
DA:16,0
DA:19,0
DA:20,0
DA:21,0
DA:22,0
DA:23,0
DA:26,0
DA:33,0
DA:36,0
DA:38,0
DA:39,0
DA:40,0
DA:42,0
DA:43,0
DA:44,0
DA:45,0
DA:47,0
DA:48,0
DA:51,0
DA:53,0
DA:54,0
DA:62,0
DA:67,0
DA:71,0
DA:72,0
DA:76,0
DA:77,0
DA:78,0
DA:82,0
DA:86,0
DA:91,0
DA:92,0
DA:94,0
DA:97,0
DA:104,0
DA:105,0
DA:106,0
DA:115,0
DA:116,0
DA:118,0
DA:119,0
DA:121,0
DA:122,0
DA:125,0
DA:126,0
DA:130,0
DA:133,0
DA:134,0
DA:135,0
DA:136,0
DA:140,0
LF:56
LH:0
BRDA:3,0,0,0
BRDA:3,0,1,0
BRDA:3,0,2,0
BRDA:13,1,0,0
BRDA:13,1,1,0
BRDA:15,2,0,0
BRDA:15,2,1,0
BRDA:20,3,0,0
BRDA:20,3,1,0
BRDA:40,4,0,0
BRDA:40,4,1,0
BRDA:43,5,0,0
BRDA:43,5,1,0
BRDA:44,6,0,0
BRDA:44,6,1,0
BRDA:47,7,0,0
BRDA:47,7,1,0
BRDA:47,8,0,0
BRDA:47,8,1,0
BRDA:53,9,0,0
BRDA:53,9,1,0
BRDA:53,10,0,0
BRDA:53,10,1,0
BRDA:72,11,0,0
BRDA:72,11,1,0
BRDA:73,12,0,0
BRDA:73,12,1,0
BRDA:73,12,2,0
BRDA:91,13,0,0
BRDA:91,13,1,0
BRDA:104,14,0,0
BRDA:104,14,1,0
BRDA:134,15,0,0
BRDA:134,15,1,0
BRDA:134,16,0,0
BRDA:134,16,1,0
BRF:36
BRH:0
end_of_record
